
> principles-disciple@1.5.3 test
> vitest run tests/hooks/gate.test.ts --coverage --reporter=json

{"numTotalTestSuites":8,"numPassedTestSuites":8,"numFailedTestSuites":0,"numPendingTestSuites":0,"numTotalTests":21,"numPassedTests":21,"numFailedTests":0,"numPendingTests":0,"numTodoTests":0,"snapshot":{"added":0,"failure":false,"filesAdded":0,"filesRemoved":0,"filesRemovedList":[],"filesUnmatched":0,"filesUpdated":0,"matched":0,"total":0,"unchecked":0,"uncheckedKeysByFile":[],"unmatched":0,"updated":0,"didUpdate":false},"startTime":1773435969576,"success":true,"testResults":[{"assertionResults":[{"ancestorTitles":["Progressive Gate Hook"],"fullName":"Progressive Gate Hook should block ALL risk path writes for Stage 1 (Bankruptcy)","status":"passed","title":"should block ALL risk path writes for Stage 1 (Bankruptcy)","duration":5.349710000000016,"failureMessages":[],"meta":{}},{"ancestorTitles":["Progressive Gate Hook"],"fullName":"Progressive Gate Hook should block large writes (>10 lines) for Stage 2 (Editor)","status":"passed","title":"should block large writes (>10 lines) for Stage 2 (Editor)","duration":0.9603999999999928,"failureMessages":[],"meta":{}},{"ancestorTitles":["Progressive Gate Hook"],"fullName":"Progressive Gate Hook should require PLAN for risk paths in Stage 3 (Developer)","status":"passed","title":"should require PLAN for risk paths in Stage 3 (Developer)","duration":0.9877290000000016,"failureMessages":[],"meta":{}},{"ancestorTitles":["Progressive Gate Hook"],"fullName":"Progressive Gate Hook should allow everything for Stage 4 (Architect)","status":"passed","title":"should allow everything for Stage 4 (Architect)","duration":0.6997800000000325,"failureMessages":[],"meta":{}},{"ancestorTitles":["Progressive Gate Hook","Stage 1 PLAN Approvals"],"fullName":"Progressive Gate Hook Stage 1 PLAN Approvals should allow operation when PLAN is READY and matches whitelist","status":"passed","title":"should allow operation when PLAN is READY and matches whitelist","duration":0.6489300000000071,"failureMessages":[],"meta":{}},{"ancestorTitles":["Progressive Gate Hook"],"fullName":"Progressive Gate Hook should fall back to original logic if progressive gate is disabled","status":"passed","title":"should fall back to original logic if progressive gate is disabled","duration":0.8163700000000063,"failureMessages":[],"meta":{}},{"ancestorTitles":["Progressive Gate Hook","P-03: Placeholder Detection (Pain #bde8bdea)","Placeholder Blocking Tests"],"fullName":"Progressive Gate Hook P-03: Placeholder Detection (Pain #bde8bdea) Placeholder Blocking Tests should block edit operation with placeholder \"N/A\"","status":"passed","title":"should block edit operation with placeholder \"N/A\"","duration":2.956549999999993,"failureMessages":[],"meta":{}},{"ancestorTitles":["Progressive Gate Hook","P-03: Placeholder Detection (Pain #bde8bdea)","Placeholder Blocking Tests"],"fullName":"Progressive Gate Hook P-03: Placeholder Detection (Pain #bde8bdea) Placeholder Blocking Tests should block edit operation with placeholder \"<placeholder>\"","status":"passed","title":"should block edit operation with placeholder \"<placeholder>\"","duration":0.5732299999999668,"failureMessages":[],"meta":{}},{"ancestorTitles":["Progressive Gate Hook","P-03: Placeholder Detection (Pain #bde8bdea)","Placeholder Blocking Tests"],"fullName":"Progressive Gate Hook P-03: Placeholder Detection (Pain #bde8bdea) Placeholder Blocking Tests should block edit operation with placeholder \"TODO\"","status":"passed","title":"should block edit operation with placeholder \"TODO\"","duration":2.7260599999999613,"failureMessages":[],"meta":{}},{"ancestorTitles":["Progressive Gate Hook","P-03: Placeholder Detection (Pain #bde8bdea)","Placeholder Blocking Tests"],"fullName":"Progressive Gate Hook P-03: Placeholder Detection (Pain #bde8bdea) Placeholder Blocking Tests should block edit operation with placeholder \"[PLACEHOLDER]\"","status":"passed","title":"should block edit operation with placeholder \"[PLACEHOLDER]\"","duration":0.8014299999999821,"failureMessages":[],"meta":{}},{"ancestorTitles":["Progressive Gate Hook","P-03: Placeholder Detection (Pain #bde8bdea)","Placeholder Blocking Tests"],"fullName":"Progressive Gate Hook P-03: Placeholder Detection (Pain #bde8bdea) Placeholder Blocking Tests should block edit operation with placeholder \"XXX\"","status":"passed","title":"should block edit operation with placeholder \"XXX\"","duration":0.7216290000000072,"failureMessages":[],"meta":{}},{"ancestorTitles":["Progressive Gate Hook","P-03: Placeholder Detection (Pain #bde8bdea)","Legal Operation Allowance Tests"],"fullName":"Progressive Gate Hook P-03: Placeholder Detection (Pain #bde8bdea) Legal Operation Allowance Tests should allow edit operation with actual existing text","status":"passed","title":"should allow edit operation with actual existing text","duration":1.1617699999999331,"failureMessages":[],"meta":{}},{"ancestorTitles":["Progressive Gate Hook","P-03: Placeholder Detection (Pain #bde8bdea)","Legal Operation Allowance Tests"],"fullName":"Progressive Gate Hook P-03: Placeholder Detection (Pain #bde8bdea) Legal Operation Allowance Tests should allow edit operation with text containing \"TODO\" but not as pure placeholder","status":"passed","title":"should allow edit operation with text containing \"TODO\" but not as pure placeholder","duration":0.8717589999999973,"failureMessages":[],"meta":{}},{"ancestorTitles":["Progressive Gate Hook","P-03: Placeholder Detection (Pain #bde8bdea)","Legal Operation Allowance Tests"],"fullName":"Progressive Gate Hook P-03: Placeholder Detection (Pain #bde8bdea) Legal Operation Allowance Tests should allow write operation (non-edit tool)","status":"passed","title":"should allow write operation (non-edit tool)","duration":0.5793600000000652,"failureMessages":[],"meta":{}},{"ancestorTitles":["Progressive Gate Hook","P-03: Placeholder Detection (Pain #bde8bdea)","Boundary Condition Tests"],"fullName":"Progressive Gate Hook P-03: Placeholder Detection (Pain #bde8bdea) Boundary Condition Tests should trim whitespace around placeholder","status":"passed","title":"should trim whitespace around placeholder","duration":0.4991300000000365,"failureMessages":[],"meta":{}},{"ancestorTitles":["Progressive Gate Hook","P-03: Placeholder Detection (Pain #bde8bdea)","Boundary Condition Tests"],"fullName":"Progressive Gate Hook P-03: Placeholder Detection (Pain #bde8bdea) Boundary Condition Tests should support both oldText and old_string parameter names","status":"passed","title":"should support both oldText and old_string parameter names","duration":0.746159999999918,"failureMessages":[],"meta":{}},{"ancestorTitles":["Progressive Gate Hook","P-03: Placeholder Detection (Pain #bde8bdea)","Boundary Condition Tests"],"fullName":"Progressive Gate Hook P-03: Placeholder Detection (Pain #bde8bdea) Boundary Condition Tests should not block empty string","status":"passed","title":"should not block empty string","duration":0.5193899999999303,"failureMessages":[],"meta":{}},{"ancestorTitles":["Progressive Gate Hook","P-03: Placeholder Detection (Pain #bde8bdea)","Boundary Condition Tests"],"fullName":"Progressive Gate Hook P-03: Placeholder Detection (Pain #bde8bdea) Boundary Condition Tests should not block whitespace-only string","status":"passed","title":"should not block whitespace-only string","duration":0.40550999999993564,"failureMessages":[],"meta":{}},{"ancestorTitles":["Progressive Gate Hook","P-03: Placeholder Detection (Pain #bde8bdea)","Error Message Validation Tests"],"fullName":"Progressive Gate Hook P-03: Placeholder Detection (Pain #bde8bdea) Error Message Validation Tests should include clear explanation in error message","status":"passed","title":"should include clear explanation in error message","duration":0.46149000000002616,"failureMessages":[],"meta":{}},{"ancestorTitles":["Progressive Gate Hook","P-03: Placeholder Detection (Pain #bde8bdea)","Error Message Validation Tests"],"fullName":"Progressive Gate Hook P-03: Placeholder Detection (Pain #bde8bdea) Error Message Validation Tests should include correct workflow guidance in error message","status":"passed","title":"should include correct workflow guidance in error message","duration":0.4826699999999846,"failureMessages":[],"meta":{}},{"ancestorTitles":["Progressive Gate Hook","P-03: Placeholder Detection (Pain #bde8bdea)","Error Message Validation Tests"],"fullName":"Progressive Gate Hook P-03: Placeholder Detection (Pain #bde8bdea) Error Message Validation Tests should reference P-03 principle in error message","status":"passed","title":"should reference P-03 principle in error message","duration":0.42835999999999785,"failureMessages":[],"meta":{}}],"startTime":1773435970093,"endTime":1773435970117.4827,"status":"passed","message":"","name":"/home/csuzngjh/clawd/workspace/code/principles/packages/openclaw-plugin/tests/hooks/gate.test.ts"}],"coverageMap":{"/home/csuzngjh/clawd/workspace/code/principles/packages/openclaw-plugin/src/core/config-service.ts":{"path":"/home/csuzngjh/clawd/workspace/code/principles/packages/openclaw-plugin/src/core/config-service.ts","statementMap":{"0":{"start":{"line":3,"column":32},"end":{"line":3,"column":null}},"1":{"start":{"line":4,"column":34},"end":{"line":4,"column":null}},"2":{"start":{"line":9,"column":29},"end":{"line":29,"column":null}},"3":{"start":{"line":15,"column":8},"end":{"line":19,"column":null}},"4":{"start":{"line":16,"column":12},"end":{"line":16,"column":null}},"5":{"start":{"line":17,"column":12},"end":{"line":17,"column":null}},"6":{"start":{"line":18,"column":12},"end":{"line":18,"column":null}},"7":{"start":{"line":20,"column":8},"end":{"line":20,"column":null}},"8":{"start":{"line":27,"column":8},"end":{"line":27,"column":null}}},"fnMap":{"0":{"name":"(anonymous_0)","decl":{"start":{"line":14,"column":4},"end":{"line":14,"column":8}},"loc":{"start":{"line":14,"column":38},"end":{"line":21,"column":null}},"line":14},"1":{"name":"(anonymous_1)","decl":{"start":{"line":26,"column":4},"end":{"line":26,"column":18}},"loc":{"start":{"line":26,"column":18},"end":{"line":28,"column":null}},"line":26}},"branchMap":{"0":{"loc":{"start":{"line":15,"column":8},"end":{"line":19,"column":null}},"type":"if","locations":[{"start":{"line":15,"column":8},"end":{"line":19,"column":null}},{"start":{},"end":{}}],"line":15},"1":{"loc":{"start":{"line":15,"column":12},"end":{"line":15,"column":50}},"type":"binary-expr","locations":[{"start":{"line":15,"column":12},"end":{"line":15,"column":23}},{"start":{"line":15,"column":23},"end":{"line":15,"column":50}}],"line":15}},"s":{"0":1,"1":1,"2":1,"3":0,"4":0,"5":0,"6":0,"7":0,"8":0},"f":{"0":0,"1":0},"b":{"0":[0,0],"1":[0,0]},"meta":{"lastBranch":2,"lastFunction":2,"lastStatement":9,"seen":{"s:3:32:3:Infinity":0,"s:4:34:4:Infinity":1,"s:9:29:29:Infinity":2,"f:14:4:14:8":0,"b:15:8:19:Infinity:undefined:undefined:undefined:undefined":0,"s:15:8:19:Infinity":3,"b:15:12:15:23:15:23:15:50":1,"s:16:12:16:Infinity":4,"s:17:12:17:Infinity":5,"s:18:12:18:Infinity":6,"s:20:8:20:Infinity":7,"f:26:4:26:18":1,"s:27:8:27:Infinity":8}}},"/home/csuzngjh/clawd/workspace/code/principles/packages/openclaw-plugin/src/core/dictionary-service.ts":{"path":"/home/csuzngjh/clawd/workspace/code/principles/packages/openclaw-plugin/src/core/dictionary-service.ts","statementMap":{"0":{"start":{"line":3,"column":40},"end":{"line":3,"column":null}},"1":{"start":{"line":4,"column":34},"end":{"line":4,"column":null}},"2":{"start":{"line":9,"column":33},"end":{"line":29,"column":null}},"3":{"start":{"line":15,"column":8},"end":{"line":19,"column":null}},"4":{"start":{"line":16,"column":12},"end":{"line":16,"column":null}},"5":{"start":{"line":17,"column":12},"end":{"line":17,"column":null}},"6":{"start":{"line":18,"column":12},"end":{"line":18,"column":null}},"7":{"start":{"line":20,"column":8},"end":{"line":20,"column":null}},"8":{"start":{"line":27,"column":8},"end":{"line":27,"column":null}}},"fnMap":{"0":{"name":"(anonymous_0)","decl":{"start":{"line":14,"column":4},"end":{"line":14,"column":8}},"loc":{"start":{"line":14,"column":42},"end":{"line":21,"column":null}},"line":14},"1":{"name":"(anonymous_1)","decl":{"start":{"line":26,"column":4},"end":{"line":26,"column":18}},"loc":{"start":{"line":26,"column":18},"end":{"line":28,"column":null}},"line":26}},"branchMap":{"0":{"loc":{"start":{"line":15,"column":8},"end":{"line":19,"column":null}},"type":"if","locations":[{"start":{"line":15,"column":8},"end":{"line":19,"column":null}},{"start":{},"end":{}}],"line":15},"1":{"loc":{"start":{"line":15,"column":12},"end":{"line":15,"column":54}},"type":"binary-expr","locations":[{"start":{"line":15,"column":12},"end":{"line":15,"column":27}},{"start":{"line":15,"column":27},"end":{"line":15,"column":54}}],"line":15}},"s":{"0":1,"1":1,"2":1,"3":0,"4":0,"5":0,"6":0,"7":0,"8":0},"f":{"0":0,"1":0},"b":{"0":[0,0],"1":[0,0]},"meta":{"lastBranch":2,"lastFunction":2,"lastStatement":9,"seen":{"s:3:40:3:Infinity":0,"s:4:34:4:Infinity":1,"s:9:33:29:Infinity":2,"f:14:4:14:8":0,"b:15:8:19:Infinity:undefined:undefined:undefined:undefined":0,"s:15:8:19:Infinity":3,"b:15:12:15:27:15:27:15:54":1,"s:16:12:16:Infinity":4,"s:17:12:17:Infinity":5,"s:18:12:18:Infinity":6,"s:20:8:20:Infinity":7,"f:26:4:26:18":1,"s:27:8:27:Infinity":8}}},"/home/csuzngjh/clawd/workspace/code/principles/packages/openclaw-plugin/src/core/config.ts":{"path":"/home/csuzngjh/clawd/workspace/code/principles/packages/openclaw-plugin/src/core/config.ts","statementMap":{"0":{"start":{"line":97,"column":46},"end":{"line":179,"column":null}},"1":{"start":{"line":182,"column":37},"end":{"line":182,"column":null}},"2":{"start":{"line":186,"column":8},"end":{"line":186,"column":null}},"3":{"start":{"line":190,"column":8},"end":{"line":201,"column":null}},"4":{"start":{"line":191,"column":12},"end":{"line":197,"column":null}},"5":{"start":{"line":192,"column":31},"end":{"line":192,"column":null}},"6":{"start":{"line":193,"column":16},"end":{"line":193,"column":null}},"7":{"start":{"line":194,"column":16},"end":{"line":194,"column":null}},"8":{"start":{"line":196,"column":16},"end":{"line":196,"column":null}},"9":{"start":{"line":199,"column":12},"end":{"line":199,"column":null}},"10":{"start":{"line":200,"column":12},"end":{"line":200,"column":null}},"11":{"start":{"line":205,"column":8},"end":{"line":214,"column":null}},"12":{"start":{"line":206,"column":24},"end":{"line":206,"column":null}},"13":{"start":{"line":207,"column":12},"end":{"line":209,"column":null}},"14":{"start":{"line":208,"column":16},"end":{"line":208,"column":null}},"15":{"start":{"line":210,"column":12},"end":{"line":210,"column":null}},"16":{"start":{"line":211,"column":12},"end":{"line":211,"column":null}},"17":{"start":{"line":213,"column":12},"end":{"line":213,"column":null}},"18":{"start":{"line":218,"column":23},"end":{"line":218,"column":null}},"19":{"start":{"line":219,"column":8},"end":{"line":234,"column":null}},"20":{"start":{"line":220,"column":12},"end":{"line":233,"column":null}},"21":{"start":{"line":222,"column":16},"end":{"line":222,"column":null}},"22":{"start":{"line":222,"column":47},"end":{"line":222,"column":null}},"23":{"start":{"line":224,"column":16},"end":{"line":232,"column":null}},"24":{"start":{"line":225,"column":20},"end":{"line":229,"column":null}},"25":{"start":{"line":226,"column":24},"end":{"line":226,"column":null}},"26":{"start":{"line":228,"column":24},"end":{"line":228,"column":null}},"27":{"start":{"line":231,"column":20},"end":{"line":231,"column":null}},"28":{"start":{"line":235,"column":8},"end":{"line":235,"column":null}},"29":{"start":{"line":243,"column":18},"end":{"line":243,"column":null}},"30":{"start":{"line":244,"column":8},"end":{"line":244,"column":null}},"31":{"start":{"line":244,"column":64},"end":{"line":244,"column":null}},"32":{"start":{"line":245,"column":8},"end":{"line":245,"column":null}},"33":{"start":{"line":245,"column":60},"end":{"line":245,"column":null}},"34":{"start":{"line":246,"column":8},"end":{"line":246,"column":null}},"35":{"start":{"line":246,"column":66},"end":{"line":246,"column":null}},"36":{"start":{"line":249,"column":8},"end":{"line":249,"column":null}},"37":{"start":{"line":249,"column":54},"end":{"line":249,"column":null}},"38":{"start":{"line":256,"column":22},"end":{"line":256,"column":null}},"39":{"start":{"line":257,"column":27},"end":{"line":257,"column":null}},"40":{"start":{"line":258,"column":8},"end":{"line":261,"column":null}},"41":{"start":{"line":259,"column":12},"end":{"line":259,"column":null}},"42":{"start":{"line":259,"column":70},"end":{"line":259,"column":null}},"43":{"start":{"line":260,"column":12},"end":{"line":260,"column":null}},"44":{"start":{"line":262,"column":8},"end":{"line":262,"column":null}},"45":{"start":{"line":269,"column":8},"end":{"line":269,"column":null}}},"fnMap":{"0":{"name":"(anonymous_0)","decl":{"start":{"line":185,"column":4},"end":{"line":185,"column":16}},"loc":{"start":{"line":185,"column":34},"end":{"line":187,"column":null}},"line":185},"1":{"name":"(anonymous_1)","decl":{"start":{"line":189,"column":4},"end":{"line":189,"column":17}},"loc":{"start":{"line":189,"column":17},"end":{"line":202,"column":null}},"line":189},"2":{"name":"(anonymous_2)","decl":{"start":{"line":204,"column":4},"end":{"line":204,"column":17}},"loc":{"start":{"line":204,"column":17},"end":{"line":215,"column":null}},"line":204},"3":{"name":"(anonymous_3)","decl":{"start":{"line":217,"column":12},"end":{"line":217,"column":22}},"loc":{"start":{"line":217,"column":53},"end":{"line":236,"column":null}},"line":217},"4":{"name":"(anonymous_4)","decl":{"start":{"line":220,"column":40},"end":{"line":220,"column":47}},"loc":{"start":{"line":220,"column":47},"end":{"line":233,"column":13}},"line":220},"5":{"name":"(anonymous_5)","decl":{"start":{"line":241,"column":12},"end":{"line":241,"column":21}},"loc":{"start":{"line":241,"column":51},"end":{"line":250,"column":null}},"line":241},"6":{"name":"(anonymous_6)","decl":{"start":{"line":255,"column":4},"end":{"line":255,"column":8}},"loc":{"start":{"line":255,"column":30},"end":{"line":263,"column":null}},"line":255},"7":{"name":"(anonymous_7)","decl":{"start":{"line":268,"column":4},"end":{"line":268,"column":27}},"loc":{"start":{"line":268,"column":27},"end":{"line":270,"column":null}},"line":268}},"branchMap":{"0":{"loc":{"start":{"line":190,"column":8},"end":{"line":201,"column":null}},"type":"if","locations":[{"start":{"line":190,"column":8},"end":{"line":201,"column":null}},{"start":{"line":198,"column":15},"end":{"line":201,"column":null}}],"line":190},"1":{"loc":{"start":{"line":207,"column":12},"end":{"line":209,"column":null}},"type":"if","locations":[{"start":{"line":207,"column":12},"end":{"line":209,"column":null}},{"start":{},"end":{}}],"line":207},"2":{"loc":{"start":{"line":219,"column":8},"end":{"line":234,"column":null}},"type":"if","locations":[{"start":{"line":219,"column":8},"end":{"line":234,"column":null}},{"start":{},"end":{}}],"line":219},"3":{"loc":{"start":{"line":219,"column":12},"end":{"line":219,"column":50}},"type":"binary-expr","locations":[{"start":{"line":219,"column":12},"end":{"line":219,"column":22}},{"start":{"line":219,"column":22},"end":{"line":219,"column":50}}],"line":219},"4":{"loc":{"start":{"line":222,"column":16},"end":{"line":222,"column":null}},"type":"if","locations":[{"start":{"line":222,"column":16},"end":{"line":222,"column":null}},{"start":{},"end":{}}],"line":222},"5":{"loc":{"start":{"line":224,"column":16},"end":{"line":232,"column":null}},"type":"if","locations":[{"start":{"line":224,"column":16},"end":{"line":232,"column":null}},{"start":{"line":230,"column":23},"end":{"line":232,"column":null}}],"line":224},"6":{"loc":{"start":{"line":224,"column":20},"end":{"line":224,"column":99}},"type":"binary-expr","locations":[{"start":{"line":224,"column":20},"end":{"line":224,"column":35}},{"start":{"line":224,"column":35},"end":{"line":224,"column":70}},{"start":{"line":224,"column":70},"end":{"line":224,"column":99}}],"line":224},"7":{"loc":{"start":{"line":225,"column":20},"end":{"line":229,"column":null}},"type":"if","locations":[{"start":{"line":225,"column":20},"end":{"line":229,"column":null}},{"start":{"line":227,"column":27},"end":{"line":229,"column":null}}],"line":225},"8":{"loc":{"start":{"line":244,"column":8},"end":{"line":244,"column":null}},"type":"if","locations":[{"start":{"line":244,"column":8},"end":{"line":244,"column":null}},{"start":{},"end":{}}],"line":244},"9":{"loc":{"start":{"line":244,"column":12},"end":{"line":244,"column":64}},"type":"binary-expr","locations":[{"start":{"line":244,"column":12},"end":{"line":244,"column":38}},{"start":{"line":244,"column":38},"end":{"line":244,"column":64}}],"line":244},"10":{"loc":{"start":{"line":245,"column":8},"end":{"line":245,"column":null}},"type":"if","locations":[{"start":{"line":245,"column":8},"end":{"line":245,"column":null}},{"start":{},"end":{}}],"line":245},"11":{"loc":{"start":{"line":245,"column":12},"end":{"line":245,"column":60}},"type":"binary-expr","locations":[{"start":{"line":245,"column":12},"end":{"line":245,"column":36}},{"start":{"line":245,"column":36},"end":{"line":245,"column":60}}],"line":245},"12":{"loc":{"start":{"line":246,"column":8},"end":{"line":246,"column":null}},"type":"if","locations":[{"start":{"line":246,"column":8},"end":{"line":246,"column":null}},{"start":{},"end":{}}],"line":246},"13":{"loc":{"start":{"line":246,"column":12},"end":{"line":246,"column":66}},"type":"binary-expr","locations":[{"start":{"line":246,"column":12},"end":{"line":246,"column":39}},{"start":{"line":246,"column":39},"end":{"line":246,"column":66}}],"line":246},"14":{"loc":{"start":{"line":249,"column":8},"end":{"line":249,"column":null}},"type":"if","locations":[{"start":{"line":249,"column":8},"end":{"line":249,"column":null}},{"start":{},"end":{}}],"line":249},"15":{"loc":{"start":{"line":259,"column":12},"end":{"line":259,"column":null}},"type":"if","locations":[{"start":{"line":259,"column":12},"end":{"line":259,"column":null}},{"start":{},"end":{}}],"line":259},"16":{"loc":{"start":{"line":259,"column":16},"end":{"line":259,"column":70}},"type":"binary-expr","locations":[{"start":{"line":259,"column":16},"end":{"line":259,"column":41}},{"start":{"line":259,"column":41},"end":{"line":259,"column":70}}],"line":259}},"s":{"0":1,"1":0,"2":0,"3":0,"4":0,"5":0,"6":0,"7":0,"8":0,"9":0,"10":0,"11":0,"12":0,"13":0,"14":0,"15":0,"16":0,"17":0,"18":0,"19":0,"20":0,"21":0,"22":0,"23":0,"24":0,"25":0,"26":0,"27":0,"28":0,"29":0,"30":0,"31":0,"32":0,"33":0,"34":0,"35":0,"36":0,"37":0,"38":0,"39":0,"40":0,"41":0,"42":0,"43":0,"44":0,"45":0},"f":{"0":0,"1":0,"2":0,"3":0,"4":0,"5":0,"6":0,"7":0},"b":{"0":[0,0],"1":[0,0],"2":[0,0],"3":[0,0],"4":[0,0],"5":[0,0],"6":[0,0,0],"7":[0,0],"8":[0,0],"9":[0,0],"10":[0,0],"11":[0,0],"12":[0,0],"13":[0,0],"14":[0,0],"15":[0,0],"16":[0,0]},"meta":{"lastBranch":17,"lastFunction":8,"lastStatement":46,"seen":{"s:97:46:179:Infinity":0,"s:182:37:182:Infinity":1,"f:185:4:185:16":0,"s:186:8:186:Infinity":2,"f:189:4:189:17":1,"b:190:8:201:Infinity:198:15:201:Infinity":0,"s:190:8:201:Infinity":3,"s:191:12:197:Infinity":4,"s:192:31:192:Infinity":5,"s:193:16:193:Infinity":6,"s:194:16:194:Infinity":7,"s:196:16:196:Infinity":8,"s:199:12:199:Infinity":9,"s:200:12:200:Infinity":10,"f:204:4:204:17":2,"s:205:8:214:Infinity":11,"s:206:24:206:Infinity":12,"b:207:12:209:Infinity:undefined:undefined:undefined:undefined":1,"s:207:12:209:Infinity":13,"s:208:16:208:Infinity":14,"s:210:12:210:Infinity":15,"s:211:12:211:Infinity":16,"s:213:12:213:Infinity":17,"f:217:12:217:22":3,"s:218:23:218:Infinity":18,"b:219:8:234:Infinity:undefined:undefined:undefined:undefined":2,"s:219:8:234:Infinity":19,"b:219:12:219:22:219:22:219:50":3,"s:220:12:233:Infinity":20,"f:220:40:220:47":4,"b:222:16:222:Infinity:undefined:undefined:undefined:undefined":4,"s:222:16:222:Infinity":21,"s:222:47:222:Infinity":22,"b:224:16:232:Infinity:230:23:232:Infinity":5,"s:224:16:232:Infinity":23,"b:224:20:224:35:224:35:224:70:224:70:224:99":6,"b:225:20:229:Infinity:227:27:229:Infinity":7,"s:225:20:229:Infinity":24,"s:226:24:226:Infinity":25,"s:228:24:228:Infinity":26,"s:231:20:231:Infinity":27,"s:235:8:235:Infinity":28,"f:241:12:241:21":5,"s:243:18:243:Infinity":29,"b:244:8:244:Infinity:undefined:undefined:undefined:undefined":8,"s:244:8:244:Infinity":30,"b:244:12:244:38:244:38:244:64":9,"s:244:64:244:Infinity":31,"b:245:8:245:Infinity:undefined:undefined:undefined:undefined":10,"s:245:8:245:Infinity":32,"b:245:12:245:36:245:36:245:60":11,"s:245:60:245:Infinity":33,"b:246:8:246:Infinity:undefined:undefined:undefined:undefined":12,"s:246:8:246:Infinity":34,"b:246:12:246:39:246:39:246:66":13,"s:246:66:246:Infinity":35,"b:249:8:249:Infinity:undefined:undefined:undefined:undefined":14,"s:249:8:249:Infinity":36,"s:249:54:249:Infinity":37,"f:255:4:255:8":6,"s:256:22:256:Infinity":38,"s:257:27:257:Infinity":39,"s:258:8:261:Infinity":40,"b:259:12:259:Infinity:undefined:undefined:undefined:undefined":15,"s:259:12:259:Infinity":41,"b:259:16:259:41:259:41:259:70":16,"s:259:70:259:Infinity":42,"s:260:12:260:Infinity":43,"s:262:8:262:Infinity":44,"f:268:4:268:27":7,"s:269:8:269:Infinity":45}}},"/home/csuzngjh/clawd/workspace/code/principles/packages/openclaw-plugin/src/core/dictionary.ts":{"path":"/home/csuzngjh/clawd/workspace/code/principles/packages/openclaw-plugin/src/core/dictionary.ts","statementMap":{"0":{"start":{"line":19,"column":48},"end":{"line":48,"column":null}},"1":{"start":{"line":51,"column":39},"end":{"line":51,"column":null}},"2":{"start":{"line":53,"column":49},"end":{"line":53,"column":null}},"3":{"start":{"line":55,"column":24},"end":{"line":55,"column":42}},"4":{"start":{"line":56,"column":8},"end":{"line":56,"column":null}},"5":{"start":{"line":60,"column":8},"end":{"line":71,"column":null}},"6":{"start":{"line":61,"column":12},"end":{"line":66,"column":null}},"7":{"start":{"line":62,"column":16},"end":{"line":62,"column":null}},"8":{"start":{"line":64,"column":16},"end":{"line":64,"column":null}},"9":{"start":{"line":65,"column":16},"end":{"line":65,"column":null}},"10":{"start":{"line":68,"column":12},"end":{"line":68,"column":null}},"11":{"start":{"line":69,"column":12},"end":{"line":69,"column":null}},"12":{"start":{"line":70,"column":12},"end":{"line":70,"column":null}},"13":{"start":{"line":72,"column":8},"end":{"line":72,"column":null}},"14":{"start":{"line":76,"column":8},"end":{"line":76,"column":null}},"15":{"start":{"line":77,"column":8},"end":{"line":81,"column":null}},"16":{"start":{"line":78,"column":12},"end":{"line":80,"column":null}},"17":{"start":{"line":79,"column":16},"end":{"line":79,"column":null}},"18":{"start":{"line":85,"column":8},"end":{"line":85,"column":null}},"19":{"start":{"line":89,"column":8},"end":{"line":89,"column":null}},"20":{"start":{"line":96,"column":8},"end":{"line":99,"column":null}},"21":{"start":{"line":101,"column":8},"end":{"line":103,"column":null}},"22":{"start":{"line":102,"column":12},"end":{"line":102,"column":null}},"23":{"start":{"line":107,"column":74},"end":{"line":107,"column":null}},"24":{"start":{"line":109,"column":8},"end":{"line":132,"column":null}},"25":{"start":{"line":110,"column":12},"end":{"line":110,"column":null}},"26":{"start":{"line":110,"column":42},"end":{"line":110,"column":null}},"27":{"start":{"line":112,"column":26},"end":{"line":112,"column":null}},"28":{"start":{"line":113,"column":12},"end":{"line":124,"column":null}},"29":{"start":{"line":114,"column":27},"end":{"line":114,"column":null}},"30":{"start":{"line":115,"column":16},"end":{"line":118,"column":null}},"31":{"start":{"line":116,"column":20},"end":{"line":116,"column":null}},"32":{"start":{"line":117,"column":20},"end":{"line":117,"column":null}},"33":{"start":{"line":117,"column":39},"end":{"line":117,"column":null}},"34":{"start":{"line":119,"column":12},"end":{"line":124,"column":null}},"35":{"start":{"line":120,"column":34},"end":{"line":120,"column":null}},"36":{"start":{"line":121,"column":16},"end":{"line":123,"column":null}},"37":{"start":{"line":121,"column":43},"end":{"line":121,"column":78}},"38":{"start":{"line":122,"column":20},"end":{"line":122,"column":null}},"39":{"start":{"line":126,"column":12},"end":{"line":131,"column":null}},"40":{"start":{"line":127,"column":16},"end":{"line":127,"column":null}},"41":{"start":{"line":128,"column":16},"end":{"line":130,"column":null}},"42":{"start":{"line":129,"column":20},"end":{"line":129,"column":null}},"43":{"start":{"line":133,"column":8},"end":{"line":133,"column":null}},"44":{"start":{"line":137,"column":8},"end":{"line":144,"column":null}},"45":{"start":{"line":138,"column":12},"end":{"line":140,"column":null}},"46":{"start":{"line":139,"column":16},"end":{"line":139,"column":null}},"47":{"start":{"line":141,"column":12},"end":{"line":141,"column":null}},"48":{"start":{"line":143,"column":12},"end":{"line":143,"column":null}},"49":{"start":{"line":148,"column":24},"end":{"line":148,"column":null}},"50":{"start":{"line":149,"column":8},"end":{"line":151,"column":null}},"51":{"start":{"line":150,"column":12},"end":{"line":150,"column":null}},"52":{"start":{"line":152,"column":8},"end":{"line":155,"column":null}}},"fnMap":{"0":{"name":"(anonymous_0)","decl":{"start":{"line":55,"column":4},"end":{"line":55,"column":24}},"loc":{"start":{"line":55,"column":42},"end":{"line":57,"column":null}},"line":55},"1":{"name":"(anonymous_1)","decl":{"start":{"line":59,"column":4},"end":{"line":59,"column":17}},"loc":{"start":{"line":59,"column":17},"end":{"line":73,"column":null}},"line":59},"2":{"name":"(anonymous_2)","decl":{"start":{"line":75,"column":12},"end":{"line":75,"column":28}},"loc":{"start":{"line":75,"column":28},"end":{"line":82,"column":null}},"line":75},"3":{"name":"(anonymous_3)","decl":{"start":{"line":84,"column":4},"end":{"line":84,"column":12}},"loc":{"start":{"line":84,"column":46},"end":{"line":86,"column":null}},"line":84},"4":{"name":"(anonymous_4)","decl":{"start":{"line":88,"column":4},"end":{"line":88,"column":44}},"loc":{"start":{"line":88,"column":44},"end":{"line":90,"column":null}},"line":88},"5":{"name":"(anonymous_5)","decl":{"start":{"line":95,"column":4},"end":{"line":95,"column":12}},"loc":{"start":{"line":95,"column":60},"end":{"line":104,"column":null}},"line":95},"6":{"name":"(anonymous_6)","decl":{"start":{"line":106,"column":4},"end":{"line":106,"column":10}},"loc":{"start":{"line":106,"column":74},"end":{"line":134,"column":null}},"line":106},"7":{"name":"(anonymous_7)","decl":{"start":{"line":121,"column":38},"end":{"line":121,"column":43}},"loc":{"start":{"line":121,"column":43},"end":{"line":121,"column":78}},"line":121},"8":{"name":"(anonymous_8)","decl":{"start":{"line":136,"column":4},"end":{"line":136,"column":18}},"loc":{"start":{"line":136,"column":18},"end":{"line":145,"column":null}},"line":136},"9":{"name":"(anonymous_9)","decl":{"start":{"line":147,"column":4},"end":{"line":147,"column":58}},"loc":{"start":{"line":147,"column":58},"end":{"line":156,"column":null}},"line":147}},"branchMap":{"0":{"loc":{"start":{"line":60,"column":8},"end":{"line":71,"column":null}},"type":"if","locations":[{"start":{"line":60,"column":8},"end":{"line":71,"column":null}},{"start":{"line":67,"column":15},"end":{"line":71,"column":null}}],"line":60},"1":{"loc":{"start":{"line":78,"column":12},"end":{"line":80,"column":null}},"type":"if","locations":[{"start":{"line":78,"column":12},"end":{"line":80,"column":null}},{"start":{},"end":{}}],"line":78},"2":{"loc":{"start":{"line":78,"column":16},"end":{"line":78,"column":55}},"type":"binary-expr","locations":[{"start":{"line":78,"column":16},"end":{"line":78,"column":41}},{"start":{"line":78,"column":41},"end":{"line":78,"column":55}}],"line":78},"3":{"loc":{"start":{"line":98,"column":18},"end":{"line":98,"column":null}},"type":"binary-expr","locations":[{"start":{"line":98,"column":18},"end":{"line":98,"column":47}},{"start":{"line":98,"column":47},"end":{"line":98,"column":null}}],"line":98},"4":{"loc":{"start":{"line":101,"column":8},"end":{"line":103,"column":null}},"type":"if","locations":[{"start":{"line":101,"column":8},"end":{"line":103,"column":null}},{"start":{},"end":{}}],"line":101},"5":{"loc":{"start":{"line":101,"column":12},"end":{"line":101,"column":51}},"type":"binary-expr","locations":[{"start":{"line":101,"column":12},"end":{"line":101,"column":37}},{"start":{"line":101,"column":37},"end":{"line":101,"column":51}}],"line":101},"6":{"loc":{"start":{"line":110,"column":12},"end":{"line":110,"column":null}},"type":"if","locations":[{"start":{"line":110,"column":12},"end":{"line":110,"column":null}},{"start":{},"end":{}}],"line":110},"7":{"loc":{"start":{"line":113,"column":12},"end":{"line":124,"column":null}},"type":"if","locations":[{"start":{"line":113,"column":12},"end":{"line":124,"column":null}},{"start":{"line":119,"column":12},"end":{"line":124,"column":null}}],"line":113},"8":{"loc":{"start":{"line":115,"column":16},"end":{"line":118,"column":null}},"type":"if","locations":[{"start":{"line":115,"column":16},"end":{"line":118,"column":null}},{"start":{},"end":{}}],"line":115},"9":{"loc":{"start":{"line":117,"column":20},"end":{"line":117,"column":null}},"type":"if","locations":[{"start":{"line":117,"column":20},"end":{"line":117,"column":null}},{"start":{},"end":{}}],"line":117},"10":{"loc":{"start":{"line":119,"column":12},"end":{"line":124,"column":null}},"type":"if","locations":[{"start":{"line":119,"column":12},"end":{"line":124,"column":null}},{"start":{},"end":{}}],"line":119},"11":{"loc":{"start":{"line":119,"column":23},"end":{"line":119,"column":68}},"type":"binary-expr","locations":[{"start":{"line":119,"column":23},"end":{"line":119,"column":54}},{"start":{"line":119,"column":54},"end":{"line":119,"column":68}}],"line":119},"12":{"loc":{"start":{"line":121,"column":16},"end":{"line":123,"column":null}},"type":"if","locations":[{"start":{"line":121,"column":16},"end":{"line":123,"column":null}},{"start":{},"end":{}}],"line":121},"13":{"loc":{"start":{"line":126,"column":12},"end":{"line":131,"column":null}},"type":"if","locations":[{"start":{"line":126,"column":12},"end":{"line":131,"column":null}},{"start":{},"end":{}}],"line":126},"14":{"loc":{"start":{"line":128,"column":16},"end":{"line":130,"column":null}},"type":"if","locations":[{"start":{"line":128,"column":16},"end":{"line":130,"column":null}},{"start":{},"end":{}}],"line":128},"15":{"loc":{"start":{"line":128,"column":20},"end":{"line":128,"column":70}},"type":"binary-expr","locations":[{"start":{"line":128,"column":20},"end":{"line":128,"column":34}},{"start":{"line":128,"column":34},"end":{"line":128,"column":70}}],"line":128},"16":{"loc":{"start":{"line":138,"column":12},"end":{"line":140,"column":null}},"type":"if","locations":[{"start":{"line":138,"column":12},"end":{"line":140,"column":null}},{"start":{},"end":{}}],"line":138},"17":{"loc":{"start":{"line":150,"column":25},"end":{"line":150,"column":null}},"type":"binary-expr","locations":[{"start":{"line":150,"column":25},"end":{"line":150,"column":38}},{"start":{"line":150,"column":38},"end":{"line":150,"column":null}}],"line":150}},"s":{"0":1,"1":0,"2":0,"3":0,"4":0,"5":0,"6":0,"7":0,"8":0,"9":0,"10":0,"11":0,"12":0,"13":0,"14":0,"15":0,"16":0,"17":0,"18":0,"19":0,"20":0,"21":0,"22":0,"23":0,"24":0,"25":0,"26":0,"27":0,"28":0,"29":0,"30":0,"31":0,"32":0,"33":0,"34":0,"35":0,"36":0,"37":0,"38":0,"39":0,"40":0,"41":0,"42":0,"43":0,"44":0,"45":0,"46":0,"47":0,"48":0,"49":0,"50":0,"51":0,"52":0},"f":{"0":0,"1":0,"2":0,"3":0,"4":0,"5":0,"6":0,"7":0,"8":0,"9":0},"b":{"0":[0,0],"1":[0,0],"2":[0,0],"3":[0,0],"4":[0,0],"5":[0,0],"6":[0,0],"7":[0,0],"8":[0,0],"9":[0,0],"10":[0,0],"11":[0,0],"12":[0,0],"13":[0,0],"14":[0,0],"15":[0,0],"16":[0,0],"17":[0,0]},"meta":{"lastBranch":18,"lastFunction":10,"lastStatement":53,"seen":{"s:19:48:48:Infinity":0,"s:51:39:51:Infinity":1,"s:53:49:53:Infinity":2,"f:55:4:55:24":0,"s:55:24:55:42":3,"s:56:8:56:Infinity":4,"f:59:4:59:17":1,"b:60:8:71:Infinity:67:15:71:Infinity":0,"s:60:8:71:Infinity":5,"s:61:12:66:Infinity":6,"s:62:16:62:Infinity":7,"s:64:16:64:Infinity":8,"s:65:16:65:Infinity":9,"s:68:12:68:Infinity":10,"s:69:12:69:Infinity":11,"s:70:12:70:Infinity":12,"s:72:8:72:Infinity":13,"f:75:12:75:28":2,"s:76:8:76:Infinity":14,"s:77:8:81:Infinity":15,"b:78:12:80:Infinity:undefined:undefined:undefined:undefined":1,"s:78:12:80:Infinity":16,"b:78:16:78:41:78:41:78:55":2,"s:79:16:79:Infinity":17,"f:84:4:84:12":3,"s:85:8:85:Infinity":18,"f:88:4:88:44":4,"s:89:8:89:Infinity":19,"f:95:4:95:12":5,"s:96:8:99:Infinity":20,"b:98:18:98:47:98:47:98:Infinity":3,"b:101:8:103:Infinity:undefined:undefined:undefined:undefined":4,"s:101:8:103:Infinity":21,"b:101:12:101:37:101:37:101:51":5,"s:102:12:102:Infinity":22,"f:106:4:106:10":6,"s:107:74:107:Infinity":23,"s:109:8:132:Infinity":24,"b:110:12:110:Infinity:undefined:undefined:undefined:undefined":6,"s:110:12:110:Infinity":25,"s:110:42:110:Infinity":26,"s:112:26:112:Infinity":27,"b:113:12:124:Infinity:119:12:124:Infinity":7,"s:113:12:124:Infinity":28,"s:114:27:114:Infinity":29,"b:115:16:118:Infinity:undefined:undefined:undefined:undefined":8,"s:115:16:118:Infinity":30,"s:116:20:116:Infinity":31,"b:117:20:117:Infinity:undefined:undefined:undefined:undefined":9,"s:117:20:117:Infinity":32,"s:117:39:117:Infinity":33,"b:119:12:124:Infinity:undefined:undefined:undefined:undefined":10,"s:119:12:124:Infinity":34,"b:119:23:119:54:119:54:119:68":11,"s:120:34:120:Infinity":35,"b:121:16:123:Infinity:undefined:undefined:undefined:undefined":12,"s:121:16:123:Infinity":36,"f:121:38:121:43":7,"s:121:43:121:78":37,"s:122:20:122:Infinity":38,"b:126:12:131:Infinity:undefined:undefined:undefined:undefined":13,"s:126:12:131:Infinity":39,"s:127:16:127:Infinity":40,"b:128:16:130:Infinity:undefined:undefined:undefined:undefined":14,"s:128:16:130:Infinity":41,"b:128:20:128:34:128:34:128:70":15,"s:129:20:129:Infinity":42,"s:133:8:133:Infinity":43,"f:136:4:136:18":8,"s:137:8:144:Infinity":44,"b:138:12:140:Infinity:undefined:undefined:undefined:undefined":16,"s:138:12:140:Infinity":45,"s:139:16:139:Infinity":46,"s:141:12:141:Infinity":47,"s:143:12:143:Infinity":48,"f:147:4:147:58":9,"s:148:24:148:Infinity":49,"s:149:8:151:Infinity":50,"s:150:12:150:Infinity":51,"b:150:25:150:38:150:38:150:Infinity":17,"s:152:8:155:Infinity":52}}},"/home/csuzngjh/clawd/workspace/code/principles/packages/openclaw-plugin/src/core/event-log.ts":{"path":"/home/csuzngjh/clawd/workspace/code/principles/packages/openclaw-plugin/src/core/event-log.ts","statementMap":{"0":{"start":{"line":30,"column":48},"end":{"line":30,"column":null}},"1":{"start":{"line":31,"column":41},"end":{"line":31,"column":null}},"2":{"start":{"line":32,"column":35},"end":{"line":32,"column":null}},"3":{"start":{"line":33,"column":37},"end":{"line":33,"column":null}},"4":{"start":{"line":37,"column":20},"end":{"line":37,"column":null}},"5":{"start":{"line":38,"column":4},"end":{"line":40,"column":null}},"6":{"start":{"line":39,"column":6},"end":{"line":39,"column":null}},"7":{"start":{"line":42,"column":4},"end":{"line":42,"column":null}},"8":{"start":{"line":43,"column":4},"end":{"line":43,"column":null}},"9":{"start":{"line":44,"column":4},"end":{"line":44,"column":null}},"10":{"start":{"line":46,"column":4},"end":{"line":46,"column":null}},"11":{"start":{"line":47,"column":4},"end":{"line":47,"column":null}},"12":{"start":{"line":51,"column":21},"end":{"line":51,"column":null}},"13":{"start":{"line":52,"column":4},"end":{"line":52,"column":null}},"14":{"start":{"line":56,"column":4},"end":{"line":56,"column":null}},"15":{"start":{"line":60,"column":4},"end":{"line":60,"column":null}},"16":{"start":{"line":64,"column":4},"end":{"line":64,"column":null}},"17":{"start":{"line":68,"column":21},"end":{"line":68,"column":null}},"18":{"start":{"line":69,"column":4},"end":{"line":69,"column":null}},"19":{"start":{"line":73,"column":4},"end":{"line":73,"column":null}},"20":{"start":{"line":77,"column":4},"end":{"line":77,"column":null}},"21":{"start":{"line":81,"column":4},"end":{"line":81,"column":null}},"22":{"start":{"line":85,"column":21},"end":{"line":85,"column":null}},"23":{"start":{"line":86,"column":4},"end":{"line":86,"column":null}},"24":{"start":{"line":90,"column":4},"end":{"line":90,"column":null}},"25":{"start":{"line":94,"column":4},"end":{"line":94,"column":null}},"26":{"start":{"line":98,"column":4},"end":{"line":98,"column":null}},"27":{"start":{"line":107,"column":16},"end":{"line":107,"column":null}},"28":{"start":{"line":108,"column":17},"end":{"line":108,"column":null}},"29":{"start":{"line":110,"column":33},"end":{"line":117,"column":null}},"30":{"start":{"line":119,"column":4},"end":{"line":119,"column":null}},"31":{"start":{"line":120,"column":4},"end":{"line":120,"column":null}},"32":{"start":{"line":122,"column":4},"end":{"line":124,"column":null}},"33":{"start":{"line":123,"column":6},"end":{"line":123,"column":null}},"34":{"start":{"line":128,"column":4},"end":{"line":128,"column":null}},"35":{"start":{"line":132,"column":4},"end":{"line":141,"column":null}},"36":{"start":{"line":133,"column":6},"end":{"line":140,"column":null}},"37":{"start":{"line":134,"column":21},"end":{"line":134,"column":null}},"38":{"start":{"line":135,"column":8},"end":{"line":137,"column":null}},"39":{"start":{"line":136,"column":10},"end":{"line":136,"column":null}},"40":{"start":{"line":139,"column":8},"end":{"line":139,"column":null}},"41":{"start":{"line":139,"column":25},"end":{"line":139,"column":null}},"42":{"start":{"line":145,"column":16},"end":{"line":145,"column":null}},"43":{"start":{"line":146,"column":4},"end":{"line":149,"column":null}},"44":{"start":{"line":147,"column":6},"end":{"line":147,"column":null}},"45":{"start":{"line":148,"column":6},"end":{"line":148,"column":null}},"46":{"start":{"line":151,"column":4},"end":{"line":160,"column":null}},"47":{"start":{"line":152,"column":19},"end":{"line":152,"column":null}},"48":{"start":{"line":153,"column":6},"end":{"line":153,"column":null}},"49":{"start":{"line":154,"column":6},"end":{"line":155,"column":null}},"50":{"start":{"line":154,"column":40},"end":{"line":154,"column":null}},"51":{"start":{"line":155,"column":11},"end":{"line":155,"column":null}},"52":{"start":{"line":156,"column":4},"end":{"line":160,"column":null}},"53":{"start":{"line":157,"column":19},"end":{"line":157,"column":null}},"54":{"start":{"line":158,"column":6},"end":{"line":158,"column":null}},"55":{"start":{"line":159,"column":6},"end":{"line":159,"column":null}},"56":{"start":{"line":164,"column":4},"end":{"line":164,"column":null}},"57":{"start":{"line":164,"column":40},"end":{"line":164,"column":54}},"58":{"start":{"line":168,"column":4},"end":{"line":168,"column":null}},"59":{"start":{"line":169,"column":4},"end":{"line":169,"column":null}},"60":{"start":{"line":173,"column":4},"end":{"line":173,"column":null}},"61":{"start":{"line":173,"column":39},"end":{"line":173,"column":null}},"62":{"start":{"line":175,"column":18},"end":{"line":175,"column":null}},"63":{"start":{"line":175,"column":44},"end":{"line":175,"column":61}},"64":{"start":{"line":176,"column":4},"end":{"line":181,"column":null}},"65":{"start":{"line":177,"column":6},"end":{"line":177,"column":null}},"66":{"start":{"line":178,"column":6},"end":{"line":178,"column":null}},"67":{"start":{"line":180,"column":6},"end":{"line":180,"column":null}},"68":{"start":{"line":180,"column":23},"end":{"line":180,"column":null}},"69":{"start":{"line":185,"column":4},"end":{"line":185,"column":null}},"70":{"start":{"line":185,"column":36},"end":{"line":185,"column":null}},"71":{"start":{"line":187,"column":45},"end":{"line":187,"column":null}},"72":{"start":{"line":188,"column":4},"end":{"line":190,"column":null}},"73":{"start":{"line":189,"column":6},"end":{"line":189,"column":null}},"74":{"start":{"line":192,"column":4},"end":{"line":196,"column":null}},"75":{"start":{"line":193,"column":6},"end":{"line":193,"column":null}},"76":{"start":{"line":195,"column":6},"end":{"line":195,"column":null}},"77":{"start":{"line":195,"column":23},"end":{"line":195,"column":null}},"78":{"start":{"line":204,"column":16},"end":{"line":204,"column":null}},"79":{"start":{"line":205,"column":4},"end":{"line":208,"column":null}},"80":{"start":{"line":206,"column":6},"end":{"line":206,"column":null}},"81":{"start":{"line":207,"column":6},"end":{"line":207,"column":null}},"82":{"start":{"line":209,"column":4},"end":{"line":209,"column":null}},"83":{"start":{"line":216,"column":4},"end":{"line":219,"column":null}},"84":{"start":{"line":217,"column":6},"end":{"line":217,"column":null}},"85":{"start":{"line":218,"column":6},"end":{"line":218,"column":null}},"86":{"start":{"line":220,"column":4},"end":{"line":220,"column":null}},"87":{"start":{"line":228,"column":52},"end":{"line":228,"column":null}},"88":{"start":{"line":231,"column":19},"end":{"line":231,"column":null}},"89":{"start":{"line":232,"column":4},"end":{"line":235,"column":null}},"90":{"start":{"line":233,"column":6},"end":{"line":233,"column":null}},"91":{"start":{"line":234,"column":6},"end":{"line":234,"column":null}},"92":{"start":{"line":236,"column":4},"end":{"line":236,"column":null}},"93":{"start":{"line":240,"column":4},"end":{"line":242,"column":null}},"94":{"start":{"line":241,"column":6},"end":{"line":241,"column":null}}},"fnMap":{"0":{"name":"(anonymous_0)","decl":{"start":{"line":36,"column":2},"end":{"line":36,"column":14}},"loc":{"start":{"line":36,"column":55},"end":{"line":48,"column":null}},"line":36},"1":{"name":"(anonymous_1)","decl":{"start":{"line":50,"column":2},"end":{"line":50,"column":17}},"loc":{"start":{"line":50,"column":79},"end":{"line":53,"column":null}},"line":50},"2":{"name":"(anonymous_2)","decl":{"start":{"line":55,"column":2},"end":{"line":55,"column":19}},"loc":{"start":{"line":55,"column":83},"end":{"line":57,"column":null}},"line":55},"3":{"name":"(anonymous_3)","decl":{"start":{"line":59,"column":2},"end":{"line":59,"column":18}},"loc":{"start":{"line":59,"column":81},"end":{"line":61,"column":null}},"line":59},"4":{"name":"(anonymous_4)","decl":{"start":{"line":63,"column":2},"end":{"line":63,"column":22}},"loc":{"start":{"line":63,"column":58},"end":{"line":65,"column":null}},"line":63},"5":{"name":"(anonymous_5)","decl":{"start":{"line":67,"column":2},"end":{"line":67,"column":22}},"loc":{"start":{"line":67,"column":58},"end":{"line":70,"column":null}},"line":67},"6":{"name":"(anonymous_6)","decl":{"start":{"line":72,"column":2},"end":{"line":72,"column":18}},"loc":{"start":{"line":72,"column":81},"end":{"line":74,"column":null}},"line":72},"7":{"name":"(anonymous_7)","decl":{"start":{"line":76,"column":2},"end":{"line":76,"column":21}},"loc":{"start":{"line":76,"column":87},"end":{"line":78,"column":null}},"line":76},"8":{"name":"(anonymous_8)","decl":{"start":{"line":80,"column":2},"end":{"line":80,"column":22}},"loc":{"start":{"line":80,"column":58},"end":{"line":82,"column":null}},"line":80},"9":{"name":"(anonymous_9)","decl":{"start":{"line":84,"column":2},"end":{"line":84,"column":23}},"loc":{"start":{"line":84,"column":91},"end":{"line":87,"column":null}},"line":84},"10":{"name":"(anonymous_10)","decl":{"start":{"line":89,"column":2},"end":{"line":89,"column":20}},"loc":{"start":{"line":89,"column":85},"end":{"line":91,"column":null}},"line":89},"11":{"name":"(anonymous_11)","decl":{"start":{"line":93,"column":2},"end":{"line":93,"column":14}},"loc":{"start":{"line":93,"column":103},"end":{"line":95,"column":null}},"line":93},"12":{"name":"(anonymous_12)","decl":{"start":{"line":97,"column":2},"end":{"line":97,"column":13}},"loc":{"start":{"line":97,"column":102},"end":{"line":99,"column":null}},"line":97},"13":{"name":"(anonymous_13)","decl":{"start":{"line":101,"column":10},"end":{"line":101,"column":null}},"loc":{"start":{"line":106,"column":10},"end":{"line":125,"column":null}},"line":106},"14":{"name":"(anonymous_14)","decl":{"start":{"line":127,"column":10},"end":{"line":127,"column":21}},"loc":{"start":{"line":127,"column":41},"end":{"line":129,"column":null}},"line":127},"15":{"name":"(anonymous_15)","decl":{"start":{"line":131,"column":10},"end":{"line":131,"column":28}},"loc":{"start":{"line":131,"column":28},"end":{"line":142,"column":null}},"line":131},"16":{"name":"(anonymous_16)","decl":{"start":{"line":144,"column":10},"end":{"line":144,"column":22}},"loc":{"start":{"line":144,"column":50},"end":{"line":161,"column":null}},"line":144},"17":{"name":"(anonymous_17)","decl":{"start":{"line":163,"column":10},"end":{"line":163,"column":34}},"loc":{"start":{"line":163,"column":34},"end":{"line":165,"column":null}},"line":163},"18":{"name":"(anonymous_18)","decl":{"start":{"line":164,"column":34},"end":{"line":164,"column":40}},"loc":{"start":{"line":164,"column":40},"end":{"line":164,"column":54}},"line":164},"19":{"name":"(anonymous_19)","decl":{"start":{"line":167,"column":2},"end":{"line":167,"column":16}},"loc":{"start":{"line":167,"column":16},"end":{"line":170,"column":null}},"line":167},"20":{"name":"(anonymous_20)","decl":{"start":{"line":172,"column":10},"end":{"line":172,"column":30}},"loc":{"start":{"line":172,"column":30},"end":{"line":182,"column":null}},"line":172},"21":{"name":"(anonymous_21)","decl":{"start":{"line":175,"column":39},"end":{"line":175,"column":44}},"loc":{"start":{"line":175,"column":44},"end":{"line":175,"column":61}},"line":175},"22":{"name":"(anonymous_22)","decl":{"start":{"line":184,"column":10},"end":{"line":184,"column":29}},"loc":{"start":{"line":184,"column":29},"end":{"line":197,"column":null}},"line":184},"23":{"name":"(anonymous_23)","decl":{"start":{"line":188,"column":28},"end":{"line":188,"column":29}},"loc":{"start":{"line":188,"column":45},"end":{"line":190,"column":5}},"line":188},"24":{"name":"(anonymous_24)","decl":{"start":{"line":203,"column":2},"end":{"line":203,"column":16}},"loc":{"start":{"line":203,"column":42},"end":{"line":210,"column":null}},"line":203},"25":{"name":"(anonymous_25)","decl":{"start":{"line":215,"column":2},"end":{"line":215,"column":18}},"loc":{"start":{"line":215,"column":18},"end":{"line":221,"column":null}},"line":215},"26":{"name":"(anonymous_26)","decl":{"start":{"line":230,"column":9},"end":{"line":230,"column":13}},"loc":{"start":{"line":230,"column":64},"end":{"line":237,"column":null}},"line":230},"27":{"name":"(anonymous_27)","decl":{"start":{"line":239,"column":9},"end":{"line":239,"column":26}},"loc":{"start":{"line":239,"column":26},"end":{"line":243,"column":null}},"line":239}},"branchMap":{"0":{"loc":{"start":{"line":38,"column":4},"end":{"line":40,"column":null}},"type":"if","locations":[{"start":{"line":38,"column":4},"end":{"line":40,"column":null}},{"start":{},"end":{}}],"line":38},"1":{"loc":{"start":{"line":51,"column":21},"end":{"line":51,"column":null}},"type":"cond-expr","locations":[{"start":{"line":51,"column":34},"end":{"line":51,"column":46}},{"start":{"line":51,"column":46},"end":{"line":51,"column":null}}],"line":51},"2":{"loc":{"start":{"line":68,"column":21},"end":{"line":68,"column":null}},"type":"cond-expr","locations":[{"start":{"line":68,"column":34},"end":{"line":68,"column":46}},{"start":{"line":68,"column":46},"end":{"line":68,"column":null}}],"line":68},"3":{"loc":{"start":{"line":85,"column":21},"end":{"line":85,"column":null}},"type":"cond-expr","locations":[{"start":{"line":85,"column":35},"end":{"line":85,"column":46}},{"start":{"line":85,"column":46},"end":{"line":85,"column":null}}],"line":85},"4":{"loc":{"start":{"line":85,"column":46},"end":{"line":85,"column":null}},"type":"cond-expr","locations":[{"start":{"line":85,"column":61},"end":{"line":85,"column":73}},{"start":{"line":85,"column":73},"end":{"line":85,"column":null}}],"line":85},"5":{"loc":{"start":{"line":122,"column":4},"end":{"line":124,"column":null}},"type":"if","locations":[{"start":{"line":122,"column":4},"end":{"line":124,"column":null}},{"start":{},"end":{}}],"line":122},"6":{"loc":{"start":{"line":132,"column":4},"end":{"line":141,"column":null}},"type":"if","locations":[{"start":{"line":132,"column":4},"end":{"line":141,"column":null}},{"start":{},"end":{}}],"line":132},"7":{"loc":{"start":{"line":139,"column":8},"end":{"line":139,"column":null}},"type":"if","locations":[{"start":{"line":139,"column":8},"end":{"line":139,"column":null}},{"start":{},"end":{}}],"line":139},"8":{"loc":{"start":{"line":146,"column":4},"end":{"line":149,"column":null}},"type":"if","locations":[{"start":{"line":146,"column":4},"end":{"line":149,"column":null}},{"start":{},"end":{}}],"line":146},"9":{"loc":{"start":{"line":151,"column":4},"end":{"line":160,"column":null}},"type":"if","locations":[{"start":{"line":151,"column":4},"end":{"line":160,"column":null}},{"start":{"line":156,"column":4},"end":{"line":160,"column":null}}],"line":151},"10":{"loc":{"start":{"line":154,"column":6},"end":{"line":155,"column":null}},"type":"if","locations":[{"start":{"line":154,"column":6},"end":{"line":155,"column":null}},{"start":{"line":155,"column":11},"end":{"line":155,"column":null}}],"line":154},"11":{"loc":{"start":{"line":156,"column":4},"end":{"line":160,"column":null}},"type":"if","locations":[{"start":{"line":156,"column":4},"end":{"line":160,"column":null}},{"start":{},"end":{}}],"line":156},"12":{"loc":{"start":{"line":173,"column":4},"end":{"line":173,"column":null}},"type":"if","locations":[{"start":{"line":173,"column":4},"end":{"line":173,"column":null}},{"start":{},"end":{}}],"line":173},"13":{"loc":{"start":{"line":180,"column":6},"end":{"line":180,"column":null}},"type":"if","locations":[{"start":{"line":180,"column":6},"end":{"line":180,"column":null}},{"start":{},"end":{}}],"line":180},"14":{"loc":{"start":{"line":185,"column":4},"end":{"line":185,"column":null}},"type":"if","locations":[{"start":{"line":185,"column":4},"end":{"line":185,"column":null}},{"start":{},"end":{}}],"line":185},"15":{"loc":{"start":{"line":195,"column":6},"end":{"line":195,"column":null}},"type":"if","locations":[{"start":{"line":195,"column":6},"end":{"line":195,"column":null}},{"start":{},"end":{}}],"line":195},"16":{"loc":{"start":{"line":205,"column":4},"end":{"line":208,"column":null}},"type":"if","locations":[{"start":{"line":205,"column":4},"end":{"line":208,"column":null}},{"start":{},"end":{}}],"line":205},"17":{"loc":{"start":{"line":216,"column":4},"end":{"line":219,"column":null}},"type":"if","locations":[{"start":{"line":216,"column":4},"end":{"line":219,"column":null}},{"start":{},"end":{}}],"line":216},"18":{"loc":{"start":{"line":232,"column":4},"end":{"line":235,"column":null}},"type":"if","locations":[{"start":{"line":232,"column":4},"end":{"line":235,"column":null}},{"start":{},"end":{}}],"line":232}},"s":{"0":0,"1":0,"2":0,"3":0,"4":0,"5":0,"6":0,"7":0,"8":0,"9":0,"10":0,"11":0,"12":0,"13":0,"14":0,"15":0,"16":0,"17":0,"18":0,"19":0,"20":0,"21":0,"22":0,"23":0,"24":0,"25":0,"26":0,"27":0,"28":0,"29":0,"30":0,"31":0,"32":0,"33":0,"34":0,"35":0,"36":0,"37":0,"38":0,"39":0,"40":0,"41":0,"42":0,"43":0,"44":0,"45":0,"46":0,"47":0,"48":0,"49":0,"50":0,"51":0,"52":0,"53":0,"54":0,"55":0,"56":0,"57":0,"58":0,"59":0,"60":0,"61":0,"62":0,"63":0,"64":0,"65":0,"66":0,"67":0,"68":0,"69":0,"70":0,"71":0,"72":0,"73":0,"74":0,"75":0,"76":0,"77":0,"78":0,"79":0,"80":0,"81":0,"82":0,"83":0,"84":0,"85":0,"86":0,"87":1,"88":0,"89":0,"90":0,"91":0,"92":0,"93":0,"94":0},"f":{"0":0,"1":0,"2":0,"3":0,"4":0,"5":0,"6":0,"7":0,"8":0,"9":0,"10":0,"11":0,"12":0,"13":0,"14":0,"15":0,"16":0,"17":0,"18":0,"19":0,"20":0,"21":0,"22":0,"23":0,"24":0,"25":0,"26":1,"27":1},"b":{"0":[0,0],"1":[0,0],"2":[0,0],"3":[0,0],"4":[0,0],"5":[0,0],"6":[0,0],"7":[0,0],"8":[0,0],"9":[0,0],"10":[0,0],"11":[0,0],"12":[0,0],"13":[0,0],"14":[0,0],"15":[0,0],"16":[0,0],"17":[0,0],"18":[0,0]},"meta":{"lastBranch":19,"lastFunction":28,"lastStatement":95,"seen":{"s:30:48:30:Infinity":0,"s:31:41:31:Infinity":1,"s:32:35:32:Infinity":2,"s:33:37:33:Infinity":3,"f:36:2:36:14":0,"s:37:20:37:Infinity":4,"b:38:4:40:Infinity:undefined:undefined:undefined:undefined":0,"s:38:4:40:Infinity":5,"s:39:6:39:Infinity":6,"s:42:4:42:Infinity":7,"s:43:4:43:Infinity":8,"s:44:4:44:Infinity":9,"s:46:4:46:Infinity":10,"s:47:4:47:Infinity":11,"f:50:2:50:17":1,"s:51:21:51:Infinity":12,"b:51:34:51:46:51:46:51:Infinity":1,"s:52:4:52:Infinity":13,"f:55:2:55:19":2,"s:56:4:56:Infinity":14,"f:59:2:59:18":3,"s:60:4:60:Infinity":15,"f:63:2:63:22":4,"s:64:4:64:Infinity":16,"f:67:2:67:22":5,"s:68:21:68:Infinity":17,"b:68:34:68:46:68:46:68:Infinity":2,"s:69:4:69:Infinity":18,"f:72:2:72:18":6,"s:73:4:73:Infinity":19,"f:76:2:76:21":7,"s:77:4:77:Infinity":20,"f:80:2:80:22":8,"s:81:4:81:Infinity":21,"f:84:2:84:23":9,"s:85:21:85:Infinity":22,"b:85:35:85:46:85:46:85:Infinity":3,"b:85:61:85:73:85:73:85:Infinity":4,"s:86:4:86:Infinity":23,"f:89:2:89:20":10,"s:90:4:90:Infinity":24,"f:93:2:93:14":11,"s:94:4:94:Infinity":25,"f:97:2:97:13":12,"s:98:4:98:Infinity":26,"f:101:10:101:Infinity":13,"s:107:16:107:Infinity":27,"s:108:17:108:Infinity":28,"s:110:33:117:Infinity":29,"s:119:4:119:Infinity":30,"s:120:4:120:Infinity":31,"b:122:4:124:Infinity:undefined:undefined:undefined:undefined":5,"s:122:4:124:Infinity":32,"s:123:6:123:Infinity":33,"f:127:10:127:21":14,"s:128:4:128:Infinity":34,"f:131:10:131:28":15,"b:132:4:141:Infinity:undefined:undefined:undefined:undefined":6,"s:132:4:141:Infinity":35,"s:133:6:140:Infinity":36,"s:134:21:134:Infinity":37,"s:135:8:137:Infinity":38,"s:136:10:136:Infinity":39,"b:139:8:139:Infinity:undefined:undefined:undefined:undefined":7,"s:139:8:139:Infinity":40,"s:139:25:139:Infinity":41,"f:144:10:144:22":16,"s:145:16:145:Infinity":42,"b:146:4:149:Infinity:undefined:undefined:undefined:undefined":8,"s:146:4:149:Infinity":43,"s:147:6:147:Infinity":44,"s:148:6:148:Infinity":45,"b:151:4:160:Infinity:156:4:160:Infinity":9,"s:151:4:160:Infinity":46,"s:152:19:152:Infinity":47,"s:153:6:153:Infinity":48,"b:154:6:155:Infinity:155:11:155:Infinity":10,"s:154:6:155:Infinity":49,"s:154:40:154:Infinity":50,"s:155:11:155:Infinity":51,"b:156:4:160:Infinity:undefined:undefined:undefined:undefined":11,"s:156:4:160:Infinity":52,"s:157:19:157:Infinity":53,"s:158:6:158:Infinity":54,"s:159:6:159:Infinity":55,"f:163:10:163:34":17,"s:164:4:164:Infinity":56,"f:164:34:164:40":18,"s:164:40:164:54":57,"f:167:2:167:16":19,"s:168:4:168:Infinity":58,"s:169:4:169:Infinity":59,"f:172:10:172:30":20,"b:173:4:173:Infinity:undefined:undefined:undefined:undefined":12,"s:173:4:173:Infinity":60,"s:173:39:173:Infinity":61,"s:175:18:175:Infinity":62,"f:175:39:175:44":21,"s:175:44:175:61":63,"s:176:4:181:Infinity":64,"s:177:6:177:Infinity":65,"s:178:6:178:Infinity":66,"b:180:6:180:Infinity:undefined:undefined:undefined:undefined":13,"s:180:6:180:Infinity":67,"s:180:23:180:Infinity":68,"f:184:10:184:29":22,"b:185:4:185:Infinity:undefined:undefined:undefined:undefined":14,"s:185:4:185:Infinity":69,"s:185:36:185:Infinity":70,"s:187:45:187:Infinity":71,"s:188:4:190:Infinity":72,"f:188:28:188:29":23,"s:189:6:189:Infinity":73,"s:192:4:196:Infinity":74,"s:193:6:193:Infinity":75,"b:195:6:195:Infinity:undefined:undefined:undefined:undefined":15,"s:195:6:195:Infinity":76,"s:195:23:195:Infinity":77,"f:203:2:203:16":24,"s:204:16:204:Infinity":78,"b:205:4:208:Infinity:undefined:undefined:undefined:undefined":16,"s:205:4:208:Infinity":79,"s:206:6:206:Infinity":80,"s:207:6:207:Infinity":81,"s:209:4:209:Infinity":82,"f:215:2:215:18":25,"b:216:4:219:Infinity:undefined:undefined:undefined:undefined":17,"s:216:4:219:Infinity":83,"s:217:6:217:Infinity":84,"s:218:6:218:Infinity":85,"s:220:4:220:Infinity":86,"s:228:52:228:Infinity":87,"f:230:9:230:13":26,"s:231:19:231:Infinity":88,"b:232:4:235:Infinity:undefined:undefined:undefined:undefined":18,"s:232:4:235:Infinity":89,"s:233:6:233:Infinity":90,"s:234:6:234:Infinity":91,"s:236:4:236:Infinity":92,"f:239:9:239:26":27,"s:240:4:242:Infinity":93,"s:241:6:241:Infinity":94}}},"/home/csuzngjh/clawd/workspace/code/principles/packages/openclaw-plugin/src/core/hygiene/tracker.ts":{"path":"/home/csuzngjh/clawd/workspace/code/principles/packages/openclaw-plugin/src/core/hygiene/tracker.ts","statementMap":{"0":{"start":{"line":15,"column":4},"end":{"line":15,"column":null}},"1":{"start":{"line":16,"column":4},"end":{"line":16,"column":null}},"2":{"start":{"line":19,"column":4},"end":{"line":25,"column":null}},"3":{"start":{"line":20,"column":6},"end":{"line":24,"column":null}},"4":{"start":{"line":21,"column":8},"end":{"line":21,"column":null}},"5":{"start":{"line":23,"column":8},"end":{"line":23,"column":null}},"6":{"start":{"line":27,"column":4},"end":{"line":27,"column":null}},"7":{"start":{"line":31,"column":10},"end":{"line":31,"column":null}},"8":{"start":{"line":32,"column":4},"end":{"line":50,"column":null}},"9":{"start":{"line":33,"column":6},"end":{"line":49,"column":null}},"10":{"start":{"line":34,"column":24},"end":{"line":34,"column":null}},"11":{"start":{"line":35,"column":8},"end":{"line":40,"column":null}},"12":{"start":{"line":36,"column":27},"end":{"line":36,"column":null}},"13":{"start":{"line":37,"column":10},"end":{"line":39,"column":null}},"14":{"start":{"line":38,"column":12},"end":{"line":38,"column":null}},"15":{"start":{"line":42,"column":8},"end":{"line":42,"column":null}},"16":{"start":{"line":44,"column":8},"end":{"line":48,"column":null}},"17":{"start":{"line":45,"column":29},"end":{"line":45,"column":null}},"18":{"start":{"line":46,"column":10},"end":{"line":46,"column":null}},"19":{"start":{"line":47,"column":10},"end":{"line":47,"column":null}},"20":{"start":{"line":51,"column":4},"end":{"line":51,"column":null}},"21":{"start":{"line":55,"column":49},"end":{"line":55,"column":null}},"22":{"start":{"line":58,"column":10},"end":{"line":58,"column":null}},"23":{"start":{"line":59,"column":4},"end":{"line":61,"column":null}},"24":{"start":{"line":60,"column":6},"end":{"line":60,"column":null}},"25":{"start":{"line":63,"column":4},"end":{"line":72,"column":null}},"26":{"start":{"line":64,"column":6},"end":{"line":71,"column":null}},"27":{"start":{"line":65,"column":24},"end":{"line":65,"column":null}},"28":{"start":{"line":66,"column":8},"end":{"line":68,"column":null}},"29":{"start":{"line":67,"column":10},"end":{"line":67,"column":null}},"30":{"start":{"line":70,"column":8},"end":{"line":70,"column":null}},"31":{"start":{"line":74,"column":4},"end":{"line":74,"column":null}},"32":{"start":{"line":76,"column":4},"end":{"line":81,"column":null}},"33":{"start":{"line":78,"column":6},"end":{"line":78,"column":null}},"34":{"start":{"line":80,"column":6},"end":{"line":80,"column":null}},"35":{"start":{"line":88,"column":4},"end":{"line":88,"column":null}},"36":{"start":{"line":89,"column":4},"end":{"line":89,"column":null}},"37":{"start":{"line":90,"column":4},"end":{"line":90,"column":null}},"38":{"start":{"line":92,"column":21},"end":{"line":92,"column":null}},"39":{"start":{"line":93,"column":4},"end":{"line":93,"column":null}},"40":{"start":{"line":95,"column":4},"end":{"line":95,"column":null}},"41":{"start":{"line":96,"column":4},"end":{"line":96,"column":null}},"42":{"start":{"line":103,"column":4},"end":{"line":103,"column":null}},"43":{"start":{"line":104,"column":4},"end":{"line":104,"column":null}},"44":{"start":{"line":105,"column":4},"end":{"line":105,"column":null}},"45":{"start":{"line":106,"column":4},"end":{"line":106,"column":null}},"46":{"start":{"line":111,"column":10},"end":{"line":111,"column":null}},"47":{"start":{"line":112,"column":4},"end":{"line":114,"column":null}},"48":{"start":{"line":113,"column":6},"end":{"line":113,"column":null}},"49":{"start":{"line":115,"column":4},"end":{"line":115,"column":null}}},"fnMap":{"0":{"name":"(anonymous_0)","decl":{"start":{"line":14,"column":2},"end":{"line":14,"column":14}},"loc":{"start":{"line":14,"column":55},"end":{"line":28,"column":null}},"line":14},"1":{"name":"(anonymous_1)","decl":{"start":{"line":30,"column":10},"end":{"line":30,"column":36}},"loc":{"start":{"line":30,"column":36},"end":{"line":52,"column":null}},"line":30},"2":{"name":"(anonymous_2)","decl":{"start":{"line":54,"column":10},"end":{"line":54,"column":28}},"loc":{"start":{"line":54,"column":28},"end":{"line":82,"column":null}},"line":54},"3":{"name":"(anonymous_3)","decl":{"start":{"line":87,"column":2},"end":{"line":87,"column":20}},"loc":{"start":{"line":87,"column":53},"end":{"line":97,"column":null}},"line":87},"4":{"name":"(anonymous_4)","decl":{"start":{"line":102,"column":2},"end":{"line":102,"column":25}},"loc":{"start":{"line":102,"column":25},"end":{"line":107,"column":null}},"line":102},"5":{"name":"(anonymous_5)","decl":{"start":{"line":109,"column":2},"end":{"line":109,"column":27}},"loc":{"start":{"line":109,"column":27},"end":{"line":116,"column":null}},"line":109}},"branchMap":{"0":{"loc":{"start":{"line":19,"column":4},"end":{"line":25,"column":null}},"type":"if","locations":[{"start":{"line":19,"column":4},"end":{"line":25,"column":null}},{"start":{},"end":{}}],"line":19},"1":{"loc":{"start":{"line":32,"column":4},"end":{"line":50,"column":null}},"type":"if","locations":[{"start":{"line":32,"column":4},"end":{"line":50,"column":null}},{"start":{},"end":{}}],"line":32},"2":{"loc":{"start":{"line":35,"column":8},"end":{"line":40,"column":null}},"type":"if","locations":[{"start":{"line":35,"column":8},"end":{"line":40,"column":null}},{"start":{},"end":{}}],"line":35},"3":{"loc":{"start":{"line":37,"column":10},"end":{"line":39,"column":null}},"type":"if","locations":[{"start":{"line":37,"column":10},"end":{"line":39,"column":null}},{"start":{},"end":{}}],"line":37},"4":{"loc":{"start":{"line":59,"column":4},"end":{"line":61,"column":null}},"type":"if","locations":[{"start":{"line":59,"column":4},"end":{"line":61,"column":null}},{"start":{},"end":{}}],"line":59},"5":{"loc":{"start":{"line":63,"column":4},"end":{"line":72,"column":null}},"type":"if","locations":[{"start":{"line":63,"column":4},"end":{"line":72,"column":null}},{"start":{},"end":{}}],"line":63},"6":{"loc":{"start":{"line":66,"column":8},"end":{"line":68,"column":null}},"type":"if","locations":[{"start":{"line":66,"column":8},"end":{"line":68,"column":null}},{"start":{},"end":{}}],"line":66},"7":{"loc":{"start":{"line":93,"column":53},"end":{"line":93,"column":107}},"type":"binary-expr","locations":[{"start":{"line":93,"column":53},"end":{"line":93,"column":102}},{"start":{"line":93,"column":102},"end":{"line":93,"column":107}}],"line":93},"8":{"loc":{"start":{"line":112,"column":4},"end":{"line":114,"column":null}},"type":"if","locations":[{"start":{"line":112,"column":4},"end":{"line":114,"column":null}},{"start":{},"end":{}}],"line":112}},"s":{"0":0,"1":0,"2":0,"3":0,"4":0,"5":0,"6":0,"7":0,"8":0,"9":0,"10":0,"11":0,"12":0,"13":0,"14":0,"15":0,"16":0,"17":0,"18":0,"19":0,"20":0,"21":0,"22":0,"23":0,"24":0,"25":0,"26":0,"27":0,"28":0,"29":0,"30":0,"31":0,"32":0,"33":0,"34":0,"35":0,"36":0,"37":0,"38":0,"39":0,"40":0,"41":0,"42":0,"43":0,"44":0,"45":0,"46":0,"47":0,"48":0,"49":0},"f":{"0":0,"1":0,"2":0,"3":0,"4":0,"5":0},"b":{"0":[0,0],"1":[0,0],"2":[0,0],"3":[0,0],"4":[0,0],"5":[0,0],"6":[0,0],"7":[0,0],"8":[0,0]},"meta":{"lastBranch":9,"lastFunction":6,"lastStatement":50,"seen":{"f:14:2:14:14":0,"s:15:4:15:Infinity":0,"s:16:4:16:Infinity":1,"b:19:4:25:Infinity:undefined:undefined:undefined:undefined":0,"s:19:4:25:Infinity":2,"s:20:6:24:Infinity":3,"s:21:8:21:Infinity":4,"s:23:8:23:Infinity":5,"s:27:4:27:Infinity":6,"f:30:10:30:36":1,"s:31:10:31:Infinity":7,"b:32:4:50:Infinity:undefined:undefined:undefined:undefined":1,"s:32:4:50:Infinity":8,"s:33:6:49:Infinity":9,"s:34:24:34:Infinity":10,"b:35:8:40:Infinity:undefined:undefined:undefined:undefined":2,"s:35:8:40:Infinity":11,"s:36:27:36:Infinity":12,"b:37:10:39:Infinity:undefined:undefined:undefined:undefined":3,"s:37:10:39:Infinity":13,"s:38:12:38:Infinity":14,"s:42:8:42:Infinity":15,"s:44:8:48:Infinity":16,"s:45:29:45:Infinity":17,"s:46:10:46:Infinity":18,"s:47:10:47:Infinity":19,"s:51:4:51:Infinity":20,"f:54:10:54:28":2,"s:55:49:55:Infinity":21,"s:58:10:58:Infinity":22,"b:59:4:61:Infinity:undefined:undefined:undefined:undefined":4,"s:59:4:61:Infinity":23,"s:60:6:60:Infinity":24,"b:63:4:72:Infinity:undefined:undefined:undefined:undefined":5,"s:63:4:72:Infinity":25,"s:64:6:71:Infinity":26,"s:65:24:65:Infinity":27,"b:66:8:68:Infinity:undefined:undefined:undefined:undefined":6,"s:66:8:68:Infinity":28,"s:67:10:67:Infinity":29,"s:70:8:70:Infinity":30,"s:74:4:74:Infinity":31,"s:76:4:81:Infinity":32,"s:78:6:78:Infinity":33,"s:80:6:80:Infinity":34,"f:87:2:87:20":3,"s:88:4:88:Infinity":35,"s:89:4:89:Infinity":36,"s:90:4:90:Infinity":37,"s:92:21:92:Infinity":38,"s:93:4:93:Infinity":39,"b:93:53:93:102:93:102:93:107":7,"s:95:4:95:Infinity":40,"s:96:4:96:Infinity":41,"f:102:2:102:25":4,"s:103:4:103:Infinity":42,"s:104:4:104:Infinity":43,"s:105:4:105:Infinity":44,"s:106:4:106:Infinity":45,"f:109:2:109:27":5,"s:111:10:111:Infinity":46,"b:112:4:114:Infinity:undefined:undefined:undefined:undefined":8,"s:112:4:114:Infinity":47,"s:113:6:113:Infinity":48,"s:115:4:115:Infinity":49}}},"/home/csuzngjh/clawd/workspace/code/principles/packages/openclaw-plugin/src/core/paths.ts":{"path":"/home/csuzngjh/clawd/workspace/code/principles/packages/openclaw-plugin/src/core/paths.ts","statementMap":{"0":{"start":{"line":7,"column":23},"end":{"line":31,"column":null}},"1":{"start":{"line":36,"column":24},"end":{"line":73,"column":null}},"2":{"start":{"line":79,"column":4},"end":{"line":79,"column":null}}},"fnMap":{"0":{"name":"resolvePdPath","decl":{"start":{"line":78,"column":16},"end":{"line":78,"column":30}},"loc":{"start":{"line":78,"column":92},"end":{"line":80,"column":null}},"line":78}},"branchMap":{},"s":{"0":1,"1":1,"2":2},"f":{"0":2},"b":{},"meta":{"lastBranch":0,"lastFunction":1,"lastStatement":3,"seen":{"s:7:23:31:Infinity":0,"s:36:24:73:Infinity":1,"f:78:16:78:30":0,"s:79:4:79:Infinity":2}}},"/home/csuzngjh/clawd/workspace/code/principles/packages/openclaw-plugin/src/core/path-resolver.ts":{"path":"/home/csuzngjh/clawd/workspace/code/principles/packages/openclaw-plugin/src/core/path-resolver.ts","statementMap":{"0":{"start":{"line":16,"column":34},"end":{"line":16,"column":null}},"1":{"start":{"line":18,"column":27},"end":{"line":22,"column":null}},"2":{"start":{"line":24,"column":104},"end":{"line":37,"column":null}},"3":{"start":{"line":40,"column":4},"end":{"line":40,"column":null}},"4":{"start":{"line":41,"column":4},"end":{"line":41,"column":null}},"5":{"start":{"line":43,"column":4},"end":{"line":49,"column":null}},"6":{"start":{"line":44,"column":21},"end":{"line":44,"column":null}},"7":{"start":{"line":45,"column":8},"end":{"line":45,"column":null}},"8":{"start":{"line":46,"column":8},"end":{"line":46,"column":null}},"9":{"start":{"line":47,"column":8},"end":{"line":47,"column":null}},"10":{"start":{"line":48,"column":8},"end":{"line":48,"column":null}},"11":{"start":{"line":51,"column":4},"end":{"line":51,"column":null}},"12":{"start":{"line":52,"column":4},"end":{"line":52,"column":null}},"13":{"start":{"line":53,"column":4},"end":{"line":53,"column":null}},"14":{"start":{"line":54,"column":4},"end":{"line":54,"column":null}},"15":{"start":{"line":63,"column":23},"end":{"line":63,"column":null}},"16":{"start":{"line":64,"column":28},"end":{"line":68,"column":null}},"17":{"start":{"line":71,"column":4},"end":{"line":75,"column":null}},"18":{"start":{"line":72,"column":8},"end":{"line":74,"column":null}},"19":{"start":{"line":73,"column":12},"end":{"line":73,"column":null}},"20":{"start":{"line":76,"column":4},"end":{"line":76,"column":null}},"21":{"start":{"line":80,"column":23},"end":{"line":80,"column":null}},"22":{"start":{"line":81,"column":4},"end":{"line":83,"column":null}},"23":{"start":{"line":82,"column":8},"end":{"line":82,"column":null}},"24":{"start":{"line":85,"column":4},"end":{"line":93,"column":null}},"25":{"start":{"line":86,"column":24},"end":{"line":86,"column":null}},"26":{"start":{"line":87,"column":23},"end":{"line":87,"column":null}},"27":{"start":{"line":88,"column":8},"end":{"line":88,"column":null}},"28":{"start":{"line":89,"column":8},"end":{"line":89,"column":null}},"29":{"start":{"line":91,"column":8},"end":{"line":91,"column":null}},"30":{"start":{"line":92,"column":8},"end":{"line":92,"column":null}},"31":{"start":{"line":97,"column":42},"end":{"line":97,"column":null}},"32":{"start":{"line":98,"column":38},"end":{"line":98,"column":null}},"33":{"start":{"line":101,"column":26},"end":{"line":101,"column":null}},"34":{"start":{"line":104,"column":8},"end":{"line":104,"column":null}},"35":{"start":{"line":105,"column":8},"end":{"line":105,"column":null}},"36":{"start":{"line":107,"column":8},"end":{"line":109,"column":null}},"37":{"start":{"line":108,"column":12},"end":{"line":108,"column":null}},"38":{"start":{"line":113,"column":23},"end":{"line":113,"column":null}},"39":{"start":{"line":114,"column":24},"end":{"line":114,"column":null}},"40":{"start":{"line":116,"column":8},"end":{"line":118,"column":null}},"41":{"start":{"line":117,"column":12},"end":{"line":117,"column":null}},"42":{"start":{"line":120,"column":8},"end":{"line":133,"column":null}},"43":{"start":{"line":122,"column":16},"end":{"line":122,"column":null}},"44":{"start":{"line":123,"column":16},"end":{"line":123,"column":null}},"45":{"start":{"line":125,"column":16},"end":{"line":125,"column":null}},"46":{"start":{"line":126,"column":16},"end":{"line":126,"column":null}},"47":{"start":{"line":128,"column":16},"end":{"line":128,"column":null}},"48":{"start":{"line":129,"column":16},"end":{"line":129,"column":null}},"49":{"start":{"line":131,"column":16},"end":{"line":131,"column":null}},"50":{"start":{"line":132,"column":16},"end":{"line":132,"column":null}},"51":{"start":{"line":137,"column":29},"end":{"line":137,"column":null}},"52":{"start":{"line":138,"column":8},"end":{"line":141,"column":null}},"53":{"start":{"line":139,"column":12},"end":{"line":139,"column":null}},"54":{"start":{"line":140,"column":12},"end":{"line":140,"column":null}},"55":{"start":{"line":143,"column":28},"end":{"line":143,"column":null}},"56":{"start":{"line":144,"column":8},"end":{"line":147,"column":null}},"57":{"start":{"line":145,"column":12},"end":{"line":145,"column":null}},"58":{"start":{"line":146,"column":12},"end":{"line":146,"column":null}},"59":{"start":{"line":149,"column":27},"end":{"line":149,"column":null}},"60":{"start":{"line":150,"column":8},"end":{"line":153,"column":null}},"61":{"start":{"line":151,"column":12},"end":{"line":151,"column":null}},"62":{"start":{"line":152,"column":12},"end":{"line":152,"column":null}},"63":{"start":{"line":155,"column":24},"end":{"line":155,"column":null}},"64":{"start":{"line":156,"column":33},"end":{"line":156,"column":null}},"65":{"start":{"line":157,"column":8},"end":{"line":157,"column":null}},"66":{"start":{"line":159,"column":8},"end":{"line":159,"column":null}},"67":{"start":{"line":163,"column":25},"end":{"line":163,"column":null}},"68":{"start":{"line":165,"column":8},"end":{"line":176,"column":null}},"69":{"start":{"line":166,"column":40},"end":{"line":166,"column":null}},"70":{"start":{"line":168,"column":12},"end":{"line":175,"column":null}},"71":{"start":{"line":169,"column":16},"end":{"line":174,"column":null}},"72":{"start":{"line":170,"column":35},"end":{"line":170,"column":null}},"73":{"start":{"line":171,"column":20},"end":{"line":171,"column":null}},"74":{"start":{"line":172,"column":20},"end":{"line":172,"column":null}},"75":{"start":{"line":173,"column":20},"end":{"line":173,"column":null}},"76":{"start":{"line":178,"column":8},"end":{"line":178,"column":null}},"77":{"start":{"line":182,"column":8},"end":{"line":182,"column":null}},"78":{"start":{"line":186,"column":8},"end":{"line":188,"column":null}},"79":{"start":{"line":187,"column":12},"end":{"line":187,"column":null}},"80":{"start":{"line":190,"column":18},"end":{"line":190,"column":null}},"81":{"start":{"line":192,"column":8},"end":{"line":199,"column":null}},"82":{"start":{"line":193,"column":32},"end":{"line":193,"column":null}},"83":{"start":{"line":194,"column":12},"end":{"line":194,"column":null}},"84":{"start":{"line":196,"column":12},"end":{"line":198,"column":null}},"85":{"start":{"line":197,"column":16},"end":{"line":197,"column":null}},"86":{"start":{"line":201,"column":8},"end":{"line":201,"column":null}},"87":{"start":{"line":202,"column":8},"end":{"line":202,"column":null}},"88":{"start":{"line":203,"column":8},"end":{"line":203,"column":null}},"89":{"start":{"line":205,"column":8},"end":{"line":205,"column":null}},"90":{"start":{"line":209,"column":8},"end":{"line":211,"column":null}},"91":{"start":{"line":210,"column":12},"end":{"line":210,"column":null}},"92":{"start":{"line":213,"column":28},"end":{"line":213,"column":null}},"93":{"start":{"line":214,"column":8},"end":{"line":218,"column":null}},"94":{"start":{"line":215,"column":12},"end":{"line":215,"column":null}},"95":{"start":{"line":216,"column":12},"end":{"line":216,"column":null}},"96":{"start":{"line":217,"column":12},"end":{"line":217,"column":null}},"97":{"start":{"line":220,"column":27},"end":{"line":220,"column":null}},"98":{"start":{"line":221,"column":8},"end":{"line":225,"column":null}},"99":{"start":{"line":222,"column":12},"end":{"line":222,"column":null}},"100":{"start":{"line":223,"column":12},"end":{"line":223,"column":null}},"101":{"start":{"line":224,"column":12},"end":{"line":224,"column":null}},"102":{"start":{"line":227,"column":8},"end":{"line":227,"column":null}},"103":{"start":{"line":228,"column":8},"end":{"line":228,"column":null}},"104":{"start":{"line":230,"column":8},"end":{"line":230,"column":null}},"105":{"start":{"line":234,"column":26},"end":{"line":234,"column":null}},"106":{"start":{"line":235,"column":22},"end":{"line":235,"column":null}},"107":{"start":{"line":236,"column":23},"end":{"line":236,"column":null}},"108":{"start":{"line":238,"column":48},"end":{"line":266,"column":null}},"109":{"start":{"line":268,"column":25},"end":{"line":268,"column":null}},"110":{"start":{"line":269,"column":8},"end":{"line":272,"column":null}},"111":{"start":{"line":270,"column":12},"end":{"line":270,"column":null}},"112":{"start":{"line":271,"column":12},"end":{"line":271,"column":null}},"113":{"start":{"line":274,"column":8},"end":{"line":274,"column":null}},"114":{"start":{"line":276,"column":8},"end":{"line":276,"column":null}},"115":{"start":{"line":280,"column":25},"end":{"line":280,"column":null}},"116":{"start":{"line":282,"column":8},"end":{"line":285,"column":null}},"117":{"start":{"line":283,"column":12},"end":{"line":283,"column":null}},"118":{"start":{"line":284,"column":12},"end":{"line":284,"column":null}},"119":{"start":{"line":289,"column":25},"end":{"line":289,"column":null}},"120":{"start":{"line":291,"column":8},"end":{"line":301,"column":null}},"121":{"start":{"line":292,"column":31},"end":{"line":292,"column":null}},"122":{"start":{"line":294,"column":12},"end":{"line":296,"column":null}},"123":{"start":{"line":295,"column":16},"end":{"line":295,"column":null}},"124":{"start":{"line":298,"column":12},"end":{"line":298,"column":null}},"125":{"start":{"line":299,"column":12},"end":{"line":299,"column":null}},"126":{"start":{"line":300,"column":12},"end":{"line":300,"column":null}},"127":{"start":{"line":303,"column":8},"end":{"line":305,"column":null}},"128":{"start":{"line":304,"column":12},"end":{"line":304,"column":null}},"129":{"start":{"line":307,"column":8},"end":{"line":307,"column":null}},"130":{"start":{"line":312,"column":36},"end":{"line":316,"column":null}},"131":{"start":{"line":318,"column":19},"end":{"line":318,"column":null}},"132":{"start":{"line":319,"column":16},"end":{"line":319,"column":null}},"133":{"start":{"line":321,"column":4},"end":{"line":323,"column":null}},"134":{"start":{"line":322,"column":8},"end":{"
[...]
e":27,"column":36}},"loc":{"start":{"line":27,"column":87},"end":{"line":30,"column":null}},"line":27},"2":{"name":"getMatchingPatterns","decl":{"start":{"line":39,"column":16},"end":{"line":39,"column":36}},"loc":{"start":{"line":39,"column":84},"end":{"line":50,"column":null}},"line":39},"3":{"name":"(anonymous_3)","decl":{"start":{"line":41,"column":52},"end":{"line":41,"column":53}},"loc":{"start":{"line":41,"column":71},"end":{"line":49,"column":3}},"line":41}},"branchMap":{"0":{"loc":{"start":{"line":16,"column":2},"end":{"line":16,"column":null}},"type":"if","locations":[{"start":{"line":16,"column":2},"end":{"line":16,"column":null}},{"start":{},"end":{}}],"line":16},"1":{"loc":{"start":{"line":16,"column":6},"end":{"line":16,"column":42}},"type":"binary-expr","locations":[{"start":{"line":16,"column":6},"end":{"line":16,"column":19}},{"start":{"line":16,"column":19},"end":{"line":16,"column":42}}],"line":16},"2":{"loc":{"start":{"line":28,"column":2},"end":{"line":28,"column":null}},"type":"if","locations":[{"start":{"line":28,"column":2},"end":{"line":28,"column":null}},{"start":{},"end":{}}],"line":28},"3":{"loc":{"start":{"line":28,"column":6},"end":{"line":28,"column":42}},"type":"binary-expr","locations":[{"start":{"line":28,"column":6},"end":{"line":28,"column":19}},{"start":{"line":28,"column":19},"end":{"line":28,"column":42}}],"line":28},"4":{"loc":{"start":{"line":40,"column":2},"end":{"line":40,"column":null}},"type":"if","locations":[{"start":{"line":40,"column":2},"end":{"line":40,"column":null}},{"start":{},"end":{}}],"line":40},"5":{"loc":{"start":{"line":40,"column":6},"end":{"line":40,"column":42}},"type":"binary-expr","locations":[{"start":{"line":40,"column":6},"end":{"line":40,"column":19}},{"start":{"line":40,"column":19},"end":{"line":40,"column":42}}],"line":40},"6":{"loc":{"start":{"line":44,"column":6},"end":{"line":46,"column":null}},"type":"if","locations":[{"start":{"line":44,"column":6},"end":{"line":46,"column":null}},{"start":{},"end":{}}],"line":44}},"s":{"0":0,"1":0,"2":0,"3":0,"4":0,"5":0,"6":0,"7":0,"8":0,"9":0,"10":0,"11":0,"12":0},"f":{"0":0,"1":0,"2":0,"3":0},"b":{"0":[0,0],"1":[0,0],"2":[0,0],"3":[0,0],"4":[0,0],"5":[0,0],"6":[0,0]},"meta":{"lastBranch":7,"lastFunction":4,"lastStatement":13,"seen":{"f:15:16:15:34":0,"b:16:2:16:Infinity:undefined:undefined:undefined:undefined":0,"s:16:2:16:Infinity":0,"b:16:6:16:19:16:19:16:42":1,"s:16:42:16:Infinity":1,"s:17:2:17:Infinity":2,"f:27:16:27:36":1,"b:28:2:28:Infinity:undefined:undefined:undefined:undefined":2,"s:28:2:28:Infinity":3,"b:28:6:28:19:28:19:28:42":3,"s:28:42:28:Infinity":4,"s:29:2:29:Infinity":5,"f:39:16:39:36":2,"b:40:2:40:Infinity:undefined:undefined:undefined:undefined":4,"s:40:2:40:Infinity":6,"b:40:6:40:19:40:19:40:42":5,"s:40:42:40:Infinity":7,"s:41:2:49:Infinity":8,"f:41:52:41:53":3,"s:43:4:47:Infinity":9,"b:44:6:46:Infinity:undefined:undefined:undefined:undefined":6,"s:44:6:46:Infinity":10,"s:45:8:45:Infinity":11,"s:48:4:48:Infinity":12}}},"/home/csuzngjh/clawd/workspace/code/principles/packages/openclaw-plugin/src/utils/io.ts":{"path":"/home/csuzngjh/clawd/workspace/code/principles/packages/openclaw-plugin/src/utils/io.ts","statementMap":{"0":{"start":{"line":6,"column":2},"end":{"line":6,"column":null}},"1":{"start":{"line":6,"column":17},"end":{"line":6,"column":null}},"2":{"start":{"line":8,"column":23},"end":{"line":8,"column":null}},"3":{"start":{"line":9,"column":20},"end":{"line":9,"column":null}},"4":{"start":{"line":11,"column":27},"end":{"line":11,"column":null}},"5":{"start":{"line":12,"column":2},"end":{"line":17,"column":null}},"6":{"start":{"line":13,"column":4},"end":{"line":16,"column":null}},"7":{"start":{"line":15,"column":6},"end":{"line":15,"column":null}},"8":{"start":{"line":20,"column":2},"end":{"line":28,"column":null}},"9":{"start":{"line":21,"column":23},"end":{"line":21,"column":null}},"10":{"start":{"line":22,"column":20},"end":{"line":22,"column":null}},"11":{"start":{"line":23,"column":4},"end":{"line":23,"column":null}},"12":{"start":{"line":25,"column":25},"end":{"line":25,"column":null}},"13":{"start":{"line":26,"column":22},"end":{"line":26,"column":null}},"14":{"start":{"line":27,"column":4},"end":{"line":27,"column":null}},"15":{"start":{"line":30,"column":2},"end":{"line":30,"column":null}},"16":{"start":{"line":31,"column":2},"end":{"line":33,"column":null}},"17":{"start":{"line":32,"column":4},"end":{"line":32,"column":null}},"18":{"start":{"line":34,"column":2},"end":{"line":34,"column":null}},"19":{"start":{"line":38,"column":19},"end":{"line":38,"column":null}},"20":{"start":{"line":39,"column":2},"end":{"line":41,"column":null}},"21":{"start":{"line":40,"column":4},"end":{"line":40,"column":null}},"22":{"start":{"line":42,"column":2},"end":{"line":42,"column":null}},"23":{"start":{"line":46,"column":2},"end":{"line":46,"column":null}},"24":{"start":{"line":46,"column":56},"end":{"line":46,"column":null}},"25":{"start":{"line":48,"column":24},"end":{"line":48,"column":null}},"26":{"start":{"line":49,"column":2},"end":{"line":58,"column":null}},"27":{"start":{"line":50,"column":30},"end":{"line":50,"column":null}},"28":{"start":{"line":51,"column":4},"end":{"line":57,"column":null}},"29":{"start":{"line":54,"column":6},"end":{"line":56,"column":null}},"30":{"start":{"line":55,"column":10},"end":{"line":55,"column":null}},"31":{"start":{"line":59,"column":2},"end":{"line":59,"column":null}},"32":{"start":{"line":63,"column":41},"end":{"line":63,"column":null}},"33":{"start":{"line":64,"column":16},"end":{"line":64,"column":null}},"34":{"start":{"line":65,"column":2},"end":{"line":72,"column":null}},"35":{"start":{"line":66,"column":16},"end":{"line":66,"column":null}},"36":{"start":{"line":67,"column":4},"end":{"line":71,"column":null}},"37":{"start":{"line":68,"column":18},"end":{"line":68,"column":null}},"38":{"start":{"line":69,"column":20},"end":{"line":69,"column":null}},"39":{"start":{"line":70,"column":6},"end":{"line":70,"column":null}},"40":{"start":{"line":73,"column":2},"end":{"line":73,"column":null}},"41":{"start":{"line":77,"column":26},"end":{"line":77,"column":null}},"42":{"start":{"line":78,"column":15},"end":{"line":78,"column":null}},"43":{"start":{"line":79,"column":2},"end":{"line":88,"column":null}},"44":{"start":{"line":80,"column":14},"end":{"line":80,"column":null}},"45":{"start":{"line":81,"column":4},"end":{"line":87,"column":null}},"46":{"start":{"line":82,"column":6},"end":{"line":82,"column":null}},"47":{"start":{"line":83,"column":4},"end":{"line":87,"column":null}},"48":{"start":{"line":84,"column":6},"end":{"line":84,"column":null}},"49":{"start":{"line":86,"column":6},"end":{"line":86,"column":null}},"50":{"start":{"line":89,"column":2},"end":{"line":89,"column":null}},"51":{"start":{"line":93,"column":8},"end":{"line":93,"column":null}},"52":{"start":{"line":94,"column":2},"end":{"line":108,"column":null}},"53":{"start":{"line":95,"column":4},"end":{"line":95,"column":null}},"54":{"start":{"line":95,"column":34},"end":{"line":95,"column":null}},"55":{"start":{"line":96,"column":20},"end":{"line":96,"column":null}},"56":{"start":{"line":97,"column":18},"end":{"line":97,"column":null}},"57":{"start":{"line":98,"column":4},"end":{"line":105,"column":null}},"58":{"start":{"line":99,"column":6},"end":{"line":104,"column":null}},"59":{"start":{"line":100,"column":22},"end":{"line":100,"column":null}},"60":{"start":{"line":101,"column":8},"end":{"line":103,"column":null}},"61":{"start":{"line":102,"column":11},"end":{"line":102,"column":null}},"62":{"start":{"line":109,"column":2},"end":{"line":109,"column":null}}},"fnMap":{"0":{"name":"normalizePath","decl":{"start":{"line":5,"column":16},"end":{"line":5,"column":30}},"loc":{"start":{"line":5,"column":76},"end":{"line":35,"column":null}},"line":5},"1":{"name":"normalizeRiskPath","decl":{"start":{"line":37,"column":16},"end":{"line":37,"column":34}},"loc":{"start":{"line":37,"column":53},"end":{"line":43,"column":null}},"line":37},"2":{"name":"isRisky","decl":{"start":{"line":45,"column":16},"end":{"line":45,"column":24}},"loc":{"start":{"line":45,"column":71},"end":{"line":60,"column":null}},"line":45},"3":{"name":"parseKvLines","decl":{"start":{"line":62,"column":16},"end":{"line":62,"column":29}},"loc":{"start":{"line":62,"column":67},"end":{"line":74,"column":null}},"line":62},"4":{"name":"serializeKvLines","decl":{"start":{"line":76,"column":16},"end":{"line":76,"column":33}},"loc":{"start":{"line":76,"column":68},"end":{"line":90,"column":null}},"line":76},"5":{"name":"planStatus","decl":{"start":{"line":92,"column":16},"end":{"line":92,"column":27}},"loc":{"start":{"line":92,"column":55},"end":{"line":110,"column":null}},"line":92}},"branchMap":{"0":{"loc":{"start":{"line":6,"column":2},"end":{"line":6,"column":null}},"type":"if","locations":[{"start":{"line":6,"column":2},"end":{"line":6,"column":null}},{"start":{},"end":{}}],"line":6},"1":{"loc":{"start":{"line":8,"column":23},"end":{"line":8,"column":null}},"type":"binary-expr","locations":[{"start":{"line":8,"column":23},"end":{"line":8,"column":53}},{"start":{"line":8,"column":53},"end":{"line":8,"column":79}},{"start":{"line":8,"column":79},"end":{"line":8,"column":null}}],"line":8},"2":{"loc":{"start":{"line":9,"column":20},"end":{"line":9,"column":null}},"type":"binary-expr","locations":[{"start":{"line":9,"column":20},"end":{"line":9,"column":48}},{"start":{"line":9,"column":48},"end":{"line":9,"column":72}},{"start":{"line":9,"column":72},"end":{"line":9,"column":null}}],"line":9},"3":{"loc":{"start":{"line":12,"column":2},"end":{"line":17,"column":null}},"type":"if","locations":[{"start":{"line":12,"column":2},"end":{"line":17,"column":null}},{"start":{},"end":{}}],"line":12},"4":{"loc":{"start":{"line":13,"column":4},"end":{"line":16,"column":null}},"type":"if","locations":[{"start":{"line":13,"column":4},"end":{"line":16,"column":null}},{"start":{},"end":{}}],"line":13},"5":{"loc":{"start":{"line":20,"column":2},"end":{"line":28,"column":null}},"type":"if","locations":[{"start":{"line":20,"column":2},"end":{"line":28,"column":null}},{"start":{"line":24,"column":9},"end":{"line":28,"column":null}}],"line":20},"6":{"loc":{"start":{"line":22,"column":20},"end":{"line":22,"column":null}},"type":"cond-expr","locations":[{"start":{"line":22,"column":58},"end":{"line":22,"column":79}},{"start":{"line":22,"column":79},"end":{"line":22,"column":null}}],"line":22},"7":{"loc":{"start":{"line":26,"column":22},"end":{"line":26,"column":null}},"type":"cond-expr","locations":[{"start":{"line":26,"column":60},"end":{"line":26,"column":81}},{"start":{"line":26,"column":81},"end":{"line":26,"column":null}}],"line":26},"8":{"loc":{"start":{"line":31,"column":2},"end":{"line":33,"column":null}},"type":"if","locations":[{"start":{"line":31,"column":2},"end":{"line":33,"column":null}},{"start":{},"end":{}}],"line":31},"9":{"loc":{"start":{"line":39,"column":2},"end":{"line":41,"column":null}},"type":"if","locations":[{"start":{"line":39,"column":2},"end":{"line":41,"column":null}},{"start":{},"end":{}}],"line":39},"10":{"loc":{"start":{"line":46,"column":2},"end":{"line":46,"column":null}},"type":"if","locations":[{"start":{"line":46,"column":2},"end":{"line":46,"column":null}},{"start":{},"end":{}}],"line":46},"11":{"loc":{"start":{"line":46,"column":6},"end":{"line":46,"column":56}},"type":"binary-expr","locations":[{"start":{"line":46,"column":6},"end":{"line":46,"column":18}},{"start":{"line":46,"column":18},"end":{"line":46,"column":32}},{"start":{"line":46,"column":32},"end":{"line":46,"column":56}}],"line":46},"12":{"loc":{"start":{"line":51,"column":4},"end":{"line":57,"column":null}},"type":"if","locations":[{"start":{"line":51,"column":4},"end":{"line":57,"column":null}},{"start":{},"end":{}}],"line":51},"13":{"loc":{"start":{"line":54,"column":6},"end":{"line":56,"column":null}},"type":"if","locations":[{"start":{"line":54,"column":6},"end":{"line":56,"column":null}},{"start":{},"end":{}}],"line":54},"14":{"loc":{"start":{"line":54,"column":10},"end":{"line":54,"column":105}},"type":"binary-expr","locations":[{"start":{"line":54,"column":10},"end":{"line":54,"column":49}},{"start":{"line":54,"column":49},"end":{"line":54,"column":105}}],"line":54},"15":{"loc":{"start":{"line":67,"column":4},"end":{"line":71,"column":null}},"type":"if","locations":[{"start":{"line":67,"column":4},"end":{"line":71,"column":null}},{"start":{},"end":{}}],"line":67},"16":{"loc":{"start":{"line":81,"column":4},"end":{"line":87,"column":null}},"type":"if","locations":[{"start":{"line":81,"column":4},"end":{"line":87,"column":null}},{"start":{"line":83,"column":4},"end":{"line":87,"column":null}}],"line":81},"17":{"loc":{"start":{"line":83,"column":4},"end":{"line":87,"column":null}},"type":"if","locations":[{"start":{"line":83,"column":4},"end":{"line":87,"column":null}},{"start":{"line":85,"column":11},"end":{"line":87,"column":null}}],"line":83},"18":{"loc":{"start":{"line":83,"column":15},"end":{"line":83,"column":52}},"type":"binary-expr","locations":[{"start":{"line":83,"column":15},"end":{"line":83,"column":40}},{"start":{"line":83,"column":40},"end":{"line":83,"column":52}}],"line":83},"19":{"loc":{"start":{"line":95,"column":4},"end":{"line":95,"column":null}},"type":"if","locations":[{"start":{"line":95,"column":4},"end":{"line":95,"column":null}},{"start":{},"end":{}}],"line":95},"20":{"loc":{"start":{"line":99,"column":6},"end":{"line":104,"column":null}},"type":"if","locations":[{"start":{"line":99,"column":6},"end":{"line":104,"column":null}},{"start":{},"end":{}}],"line":99},"21":{"loc":{"start":{"line":101,"column":8},"end":{"line":103,"column":null}},"type":"if","locations":[{"start":{"line":101,"column":8},"end":{"line":103,"column":null}},{"start":{},"end":{}}],"line":101},"22":{"loc":{"start":{"line":102,"column":18},"end":{"line":102,"column":null}},"type":"binary-expr","locations":[{"start":{"line":102,"column":18},"end":{"line":102,"column":53}},{"start":{"line":102,"column":53},"end":{"line":102,"column":null}}],"line":102}},"s":{"0":11,"1":0,"2":11,"3":11,"4":11,"5":11,"6":0,"7":0,"8":11,"9":0,"10":0,"11":0,"12":11,"13":11,"14":11,"15":11,"16":11,"17":0,"18":11,"19":22,"20":22,"21":11,"22":22,"23":11,"24":0,"25":11,"26":11,"27":11,"28":11,"29":4,"30":4,"31":7,"32":0,"33":0,"34":0,"35":0,"36":0,"37":0,"38":0,"39":0,"40":0,"41":0,"42":0,"43":0,"44":0,"45":0,"46":0,"47":0,"48":0,"49":0,"50":0,"51":2,"52":2,"53":2,"54":0,"55":2,"56":2,"57":2,"58":2,"59":2,"60":2,"61":2,"62":0},"f":{"0":11,"1":22,"2":11,"3":0,"4":0,"5":2},"b":{"0":[0,11],"1":[11,11,11],"2":[11,11,11],"3":[0,11],"4":[0,0],"5":[0,11],"6":[0,0],"7":[0,11],"8":[0,11],"9":[11,11],"10":[0,11],"11":[11,11,11],"12":[4,7],"13":[4,0],"14":[4,4],"15":[0,0],"16":[0,0],"17":[0,0],"18":[0,0],"19":[0,2],"20":[2,0],"21":[2,0],"22":[2,0]},"meta":{"lastBranch":23,"lastFunction":6,"lastStatement":63,"seen":{"f:5:16:5:30":0,"b:6:2:6:Infinity:undefined:undefined:undefined:undefined":0,"s:6:2:6:Infinity":0,"s:6:17:6:Infinity":1,"s:8:23:8:Infinity":2,"b:8:23:8:53:8:53:8:79:8:79:8:Infinity":1,"s:9:20:9:Infinity":3,"b:9:20:9:48:9:48:9:72:9:72:9:Infinity":2,"s:11:27:11:Infinity":4,"b:12:2:17:Infinity:undefined:undefined:undefined:undefined":3,"s:12:2:17:Infinity":5,"b:13:4:16:Infinity:undefined:undefined:undefined:undefined":4,"s:13:4:16:Infinity":6,"s:15:6:15:Infinity":7,"b:20:2:28:Infinity:24:9:28:Infinity":5,"s:20:2:28:Infinity":8,"s:21:23:21:Infinity":9,"s:22:20:22:Infinity":10,"b:22:58:22:79:22:79:22:Infinity":6,"s:23:4:23:Infinity":11,"s:25:25:25:Infinity":12,"s:26:22:26:Infinity":13,"b:26:60:26:81:26:81:26:Infinity":7,"s:27:4:27:Infinity":14,"s:30:2:30:Infinity":15,"b:31:2:33:Infinity:undefined:undefined:undefined:undefined":8,"s:31:2:33:Infinity":16,"s:32:4:32:Infinity":17,"s:34:2:34:Infinity":18,"f:37:16:37:34":1,"s:38:19:38:Infinity":19,"b:39:2:41:Infinity:undefined:undefined:undefined:undefined":9,"s:39:2:41:Infinity":20,"s:40:4:40:Infinity":21,"s:42:2:42:Infinity":22,"f:45:16:45:24":2,"b:46:2:46:Infinity:undefined:undefined:undefined:undefined":10,"s:46:2:46:Infinity":23,"b:46:6:46:18:46:18:46:32:46:32:46:56":11,"s:46:56:46:Infinity":24,"s:48:24:48:Infinity":25,"s:49:2:58:Infinity":26,"s:50:30:50:Infinity":27,"b:51:4:57:Infinity:undefined:undefined:undefined:undefined":12,"s:51:4:57:Infinity":28,"b:54:6:56:Infinity:undefined:undefined:undefined:undefined":13,"s:54:6:56:Infinity":29,"b:54:10:54:49:54:49:54:105":14,"s:55:10:55:Infinity":30,"s:59:2:59:Infinity":31,"f:62:16:62:29":3,"s:63:41:63:Infinity":32,"s:64:16:64:Infinity":33,"s:65:2:72:Infinity":34,"s:66:16:66:Infinity":35,"b:67:4:71:Infinity:undefined:undefined:undefined:undefined":15,"s:67:4:71:Infinity":36,"s:68:18:68:Infinity":37,"s:69:20:69:Infinity":38,"s:70:6:70:Infinity":39,"s:73:2:73:Infinity":40,"f:76:16:76:33":4,"s:77:26:77:Infinity":41,"s:78:15:78:Infinity":42,"s:79:2:88:Infinity":43,"s:80:14:80:Infinity":44,"b:81:4:87:Infinity:83:4:87:Infinity":16,"s:81:4:87:Infinity":45,"s:82:6:82:Infinity":46,"b:83:4:87:Infinity:85:11:87:Infinity":17,"s:83:4:87:Infinity":47,"b:83:15:83:40:83:40:83:52":18,"s:84:6:84:Infinity":48,"s:86:6:86:Infinity":49,"s:89:2:89:Infinity":50,"f:92:16:92:27":5,"s:93:8:93:Infinity":51,"s:94:2:108:Infinity":52,"b:95:4:95:Infinity:undefined:undefined:undefined:undefined":19,"s:95:4:95:Infinity":53,"s:95:34:95:Infinity":54,"s:96:20:96:Infinity":55,"s:97:18:97:Infinity":56,"s:98:4:105:Infinity":57,"b:99:6:104:Infinity:undefined:undefined:undefined:undefined":20,"s:99:6:104:Infinity":58,"s:100:22:100:Infinity":59,"b:101:8:103:Infinity:undefined:undefined:undefined:undefined":21,"s:101:8:103:Infinity":60,"s:102:11:102:Infinity":61,"b:102:18:102:53:102:53:102:Infinity":22,"s:109:2:109:Infinity":62}}}}}
[34m % [39m[2mCoverage report from [22m[33mv8[39m
-------------------|---------|----------|---------|---------|-------------------
File               | % Stmts | % Branch | % Funcs | % Lines | Uncovered Line #s 
-------------------|---------|----------|---------|---------|-------------------
All files          |   19.04 |    19.48 |    12.4 |   19.86 |                   
 core              |   11.63 |    11.01 |    9.56 |   11.98 |                   
  ...ig-service.ts |   33.33 |        0 |       0 |   33.33 | 15-27             
  config.ts        |    2.17 |        0 |       0 |     2.5 | 182-269           
  ...ry-service.ts |   33.33 |        0 |       0 |   33.33 | 15-27             
  dictionary.ts    |    1.88 |        0 |       0 |       2 | 51-152            
  event-log.ts     |    1.05 |        0 |    7.14 |    1.14 | 30-220,231-241    
  path-resolver.ts |    7.91 |     6.15 |   14.28 |    7.91 | ...,71-92,108-330 
  paths.ts         |     100 |      100 |     100 |     100 |                   
  profile.ts       |      50 |    37.81 |      50 |   49.41 | ...55-158,163-174 
  ...on-tracker.ts |   10.92 |     6.06 |   10.52 |    11.5 | ...74-262,273-332 
  system-logger.ts |    9.09 |        0 |       0 |      10 | 12-28             
  trust-engine.ts  |    1.35 |        0 |       0 |    1.52 | 61-327            
 core/hygiene      |       0 |        0 |       0 |       0 |                   
  tracker.ts       |       0 |        0 |       0 |       0 | 15-115            
 hooks             |   68.53 |    51.57 |      50 |   70.11 |                   
  gate.ts          |   68.53 |    51.57 |      50 |   70.11 | ...70,185,201,203 
 types             |       0 |      100 |       0 |       0 |                   
  event-types.ts   |       0 |      100 |       0 |       0 | 265-266           
  hygiene-types.ts |       0 |      100 |       0 |       0 | 24                
 utils             |   44.73 |    41.26 |      40 |   48.57 |                   
  glob-match.ts    |       0 |        0 |       0 |       0 | 16-48             
  io.ts            |   53.96 |    53.06 |   66.66 |   56.66 | ...3,32,63-89,109 
-------------------|---------|----------|---------|---------|-------------------
